Iter,Time,LogLik
1,4.730,-7151122.02061976
2,7.047,-7186106.48820050
3,9.376,-7193199.50934412
4,11.517,-7192328.07626771
5,13.501,-7190499.30434330
6,15.393,-7186479.21503601
7,17.297,-7182857.71062974
8,19.120,-7179039.81732369
9,20.915,-7175849.31502477
10,22.713,-7171708.88888391
11,24.513,-7168662.35438478
12,26.340,-7164962.35668475
13,28.138,-7161866.82546318
14,29.874,-7158804.43317304
15,31.611,-7156241.91554967
16,33.371,-7153295.31240989
17,35.099,-7150944.08591341
18,36.890,-7148306.54359200
19,38.602,-7146097.81749844
20,40.348,-7143815.50023833
21,42.126,-7141707.21993863
22,43.865,-7139721.73306622
23,45.597,-7137618.29942077
24,47.370,-7135958.70559488
25,49.124,-7134310.14683182
26,50.827,-7132507.19663087
27,52.575,-7131076.42357579
28,54.282,-7129355.49303761
29,56.044,-7127921.30150397
30,57.742,-7126433.42282830
31,59.457,-7125242.58607417
32,61.170,-7123701.06596083
33,62.882,-7122540.54125828
34,64.610,-7121207.88631981
35,66.336,-7120307.50962968
36,68.073,-7118848.69566193
37,69.742,-7117820.41793039
38,71.496,-7116672.42342124
39,73.210,-7115611.72522907
40,74.930,-7114620.52571710
41,76.671,-7113694.65662892
42,78.400,-7112670.35944234
43,80.164,-7111858.76116702
44,81.855,-7110839.95817878
45,83.580,-7110212.68096454
46,85.304,-7109105.04034413
47,87.030,-7108383.29746524
48,88.732,-7107483.15518091
49,90.437,-7106995.55154285
50,92.167,-7105928.18637731
51,93.944,-7105237.74960832
52,95.641,-7104487.63826515
53,97.349,-7103815.94196776
54,99.098,-7103131.17531689
55,100.870,-7102375.49941521
56,102.584,-7101799.43465997
57,104.288,-7101091.88111340
58,106.030,-7100557.36641548
59,107.787,-7100007.15045746
60,109.494,-7099356.38177921
61,111.237,-7098953.06268714
62,112.983,-7098214.51936296
63,114.709,-7097735.29083684
64,116.434,-7097148.58973758
65,118.189,-7096548.10972794
66,119.936,-7096121.73016020
67,121.664,-7095733.56247498
68,123.394,-7095131.25002930
69,125.112,-7094733.14762502
70,126.854,-7094200.53198730
71,128.656,-7093781.29839760
72,130.449,-7093305.66968410
73,132.155,-7092956.65612897
74,133.907,-7092467.89610266
75,135.672,-7092143.78172016
76,137.393,-7091650.20769491
77,139.099,-7091280.54617242
78,140.861,-7090867.17669425
79,142.592,-7090589.60284458
80,144.330,-7090100.93144707
81,146.040,-7089859.45088261
82,147.776,-7089376.61203651
83,149.540,-7089105.80488890
84,151.290,-7088662.47152100
85,153.040,-7088287.18319985
86,154.773,-7088014.49936917
87,156.515,-7087698.40790578
88,158.241,-7087368.95583783
89,159.974,-7087006.00671820
90,161.739,-7086740.76897642
91,163.488,-7086474.80753106
92,165.248,-7086142.64461355
93,166.959,-7085954.49308688
94,168.696,-7085558.92438454
95,170.459,-7085269.42879002
96,172.197,-7084992.96683213
97,173.912,-7084758.03230731
98,175.682,-7084442.42528275
99,177.447,-7084225.33613477
100,179.163,-7083944.50805648
101,180.905,-7083716.78509688
102,182.650,-7083438.07366327
103,184.433,-7083333.17610370
104,186.184,-7082961.89428366
105,187.907,-7082816.45075346
106,189.664,-7082508.58874717
107,191.399,-7082244.55993750
108,193.117,-7082065.85583549
109,194.864,-7081902.54427436
110,196.607,-7081629.30443547
111,198.373,-7081421.19825915
112,200.132,-7081207.62521250
113,201.863,-7081056.99027675
114,203.642,-7080795.72810381
115,205.392,-7080660.70950352
116,207.139,-7080396.58682222
117,208.873,-7080261.44010764
118,210.640,-7080002.29384922
119,212.405,-7079874.18563817
120,214.131,-7079625.33319517
121,215.866,-7079483.03419201
122,217.610,-7079270.00514594
123,219.377,-7079148.43890452
124,221.112,-7078921.59881860
125,222.840,-7078713.21346473
126,224.599,-7078596.96924992
127,226.368,-7078463.45512752
128,228.130,-7078246.33411163
129,229.858,-7078038.75221400
130,231.621,-7077926.87608775
131,233.373,-7077859.80166942
132,235.121,-7077613.44700607
133,236.854,-7077522.22759772
134,238.615,-7077305.62333281
135,240.371,-7077118.59796599
136,242.106,-7077022.87749705
137,243.831,-7076867.19134826
138,245.620,-7076737.20297238
139,247.388,-7076573.84104591
140,249.149,-7076454.60113786
141,250.883,-7076411.21433993
142,252.638,-7076183.48856884
143,254.398,-7076075.22268698
144,256.180,-7075923.93415877
145,257.911,-7075804.03736905
146,259.669,-7075679.25103647
147,261.424,-7075660.99157843
148,263.178,-7075429.53741746
149,264.916,-7075336.28299485
150,266.660,-7075204.94827077
151,268.415,-7075027.95134053
152,270.202,-7074981.14961427
153,271.938,-7074884.59752867
154,273.706,-7074750.93187295
155,275.487,-7074687.58774837
156,277.238,-7074548.32509379
157,278.963,-7074433.35958684
158,280.713,-7074327.56634680
159,282.479,-7074157.13752215
160,284.227,-7074118.35668911
161,285.976,-7073993.56153647
162,287.742,-7073911.84932587
163,289.500,-7073794.35945323
164,291.231,-7073694.52383960
165,292.978,-7073589.13695539
166,295.005,-7073489.27020448
167,296.765,-7073428.32589795
168,298.528,-7073290.36020071
169,300.252,-7073181.33730158
170,302.021,-7073108.46872049
171,303.774,-7073007.75144455
172,305.522,-7072918.27037767
173,307.286,-7072839.77713480
174,309.043,-7072744.08081984
175,310.815,-7072682.69438009
176,312.568,-7072568.85394691
177,314.315,-7072466.83822407
178,316.110,-7072396.29962232
179,317.889,-7072319.99563421
180,319.625,-7072231.35515235
181,321.365,-7072161.46482519
182,323.127,-7072065.83544266
183,324.906,-7072059.23449818
184,326.659,-7071900.99251132
185,328.393,-7071818.99619493
186,330.171,-7071734.88777856
187,331.949,-7071650.86988224
188,333.712,-7071584.16425870
189,335.456,-7071543.21443212
190,337.218,-7071425.57924237
191,338.969,-7071349.36504678
192,340.707,-7071271.89381721
193,342.457,-7071169.80270473
194,344.220,-7071113.83106764
195,345.987,-7071131.87961442
196,347.730,-7070968.59773585
197,349.489,-7070838.15014156
198,351.247,-7070824.87323088
199,353.014,-7070745.74946835
200,354.769,-7070687.27614887
201,356.539,-7070661.42488228
202,358.311,-7070553.99596032
203,360.075,-7070536.47957455
