Iter,Time,LogLik
1,0.964,-7073699.02125609
2,1.747,-7096622.16566977
3,2.491,-7108920.25592618
4,3.257,-7118873.56453989
5,4.014,-7125152.48792335
6,4.730,-7128958.26747139
7,5.426,-7132638.03399457
8,6.140,-7135617.28649561
9,6.865,-7139281.84706912
10,7.569,-7141343.54222112
11,8.252,-7143179.19955602
12,8.953,-7144503.22641167
13,9.677,-7145977.21299304
14,10.378,-7146168.62210646
15,11.049,-7146909.11181127
16,11.746,-7147453.95579506
17,12.461,-7147379.51360733
18,13.176,-7147518.42771585
19,13.858,-7147409.96812742
20,14.512,-7147442.61918007
21,15.208,-7147317.01275997
22,15.901,-7147155.83552500
23,16.562,-7147040.56882457
24,17.231,-7146878.04356616
25,17.967,-7146912.62969420
26,18.656,-7146863.52118599
27,19.320,-7146541.57080927
28,19.980,-7146033.04064572
29,20.639,-7145578.73017400
30,21.320,-7145272.49803477
31,21.979,-7144880.50451748
32,22.647,-7144559.26813551
33,23.299,-7144503.19060877
34,24.000,-7144477.07992304
35,24.683,-7144114.72683308
36,25.334,-7143674.41750538
37,26.003,-7143064.66025716
38,26.675,-7142583.12168383
39,27.378,-7142130.91845216
40,28.057,-7141773.35147037
41,28.715,-7141332.22292377
42,29.388,-7141162.37637387
43,30.098,-7140940.49083996
44,30.766,-7140384.16771197
45,31.423,-7139954.28818358
46,32.061,-7139401.76191104
47,32.765,-7139168.37705725
48,33.438,-7138652.55109955
49,34.071,-7138369.93733942
50,34.726,-7138066.77292337
51,35.411,-7137480.06740473
52,36.088,-7137177.43064683
53,36.758,-7136701.04512992
54,37.419,-7136244.04363411
55,38.081,-7135908.54073822
56,38.758,-7135574.05284631
57,39.421,-7135135.13582374
58,40.044,-7134736.06375635
59,40.750,-7134483.91531571
60,41.426,-7134043.51964387
61,42.103,-7133628.07443067
62,42.752,-7133285.57022590
63,43.396,-7132894.52842568
64,44.062,-7132552.77463323
65,44.749,-7132187.63414485
66,45.423,-7131750.42926823
67,46.073,-7131409.96795782
68,46.740,-7131290.97251490
69,47.415,-7130845.10811600
70,48.079,-7130441.39003223
71,48.738,-7130088.97871225
72,49.461,-7129750.27854870
73,50.150,-7129303.94057774
74,50.837,-7128926.33208027
75,51.489,-7128633.10064540
76,52.139,-7128504.03639885
77,52.818,-7128076.65591310
78,53.494,-7127769.13992426
79,54.147,-7127449.10294704
80,54.787,-7127122.10801943
81,55.465,-7126703.20004259
82,56.132,-7126439.92518827
83,56.826,-7126239.18959179
84,57.481,-7125925.72909601
85,58.134,-7125552.46727723
86,58.800,-7125203.70313017
87,59.463,-7124923.08075120
88,60.138,-7124588.72771044
89,60.790,-7124297.60164744
90,61.468,-7123949.42156497
91,62.154,-7123616.84022569
92,62.840,-7123388.05147618
93,63.498,-7123137.90775375
94,64.164,-7122760.30051998
95,64.857,-7122431.54903014
96,65.530,-7122206.74566088
97,66.180,-7121942.03866179
98,66.840,-7121586.67710211
99,67.538,-7121358.37931427
100,68.213,-7121191.70028662
101,68.860,-7120905.47098940
102,69.509,-7120687.75812775
103,70.175,-7120416.91318035
104,70.831,-7120037.57423151
105,71.503,-7119737.00116219
106,72.164,-7119505.51370116
107,72.799,-7119256.57166449
108,73.484,-7119069.20562244
109,74.171,-7118834.06970342
110,74.852,-7118523.42825186
111,75.498,-7118399.00542836
112,76.175,-7118275.92564108
113,76.848,-7117978.74956689
114,77.525,-7117699.00105422
115,78.183,-7117382.62466780
116,78.832,-7117113.52452077
117,79.514,-7116805.13906468
118,80.191,-7116596.66374668
119,80.921,-7116464.56716446
120,81.565,-7116313.98712402
121,82.250,-7116057.53433947
122,82.931,-7115704.73224211
123,83.600,-7115427.64689524
124,84.254,-7115190.61980443
125,84.909,-7115062.06364928
126,85.598,-7114862.20644991
127,86.277,-7114629.71005112
128,86.946,-7114449.88576788
129,87.601,-7114225.46419844
130,88.285,-7113901.72278258
131,88.957,-7113626.34619645
132,89.618,-7113439.53927506
133,90.290,-7113234.69722378
134,90.952,-7113002.32413251
135,91.636,-7112891.05012451
136,92.292,-7112595.15450495
137,92.953,-7112290.04571114
138,93.629,-7112160.46722548
139,94.311,-7112022.56272940
140,95.002,-7111769.11123701
141,95.651,-7111573.80532347
142,96.327,-7111334.36634029
143,97.018,-7111222.36663139
144,97.686,-7111044.84503010
145,98.330,-7110893.13364565
146,99.004,-7110691.04335053
147,99.689,-7110418.78420306
148,100.382,-7110280.75718867
149,101.028,-7110095.97091773
150,101.700,-7109942.16178174
151,102.397,-7109694.11991911
152,103.062,-7109508.43392646
153,103.713,-7109363.04730848
154,104.358,-7109170.86868596
155,105.035,-7109081.70648001
156,105.702,-7108910.97265350
157,106.355,-7108638.75779184
158,107.045,-7108488.65135986
159,107.718,-7108219.81440679
160,108.393,-7108095.11172032
161,109.070,-7107913.29727541
162,109.733,-7107744.60167968
163,110.381,-7107637.76611376
164,111.051,-7107484.24209993
165,111.736,-7107213.79719246
166,112.389,-7107044.06005115
167,113.037,-7106910.77091215
168,113.706,-7106741.92461276
169,114.377,-7106632.88095276
170,115.032,-7106415.25672346
171,115.673,-7106220.90157752
172,116.331,-7106063.38485097
173,117.020,-7105858.17295825
174,117.692,-7105679.89565510
175,118.370,-7105544.65755475
176,119.019,-7105366.49383461
177,119.686,-7105170.30303011
178,120.362,-7105072.67933854
179,121.019,-7104814.90264142
180,121.649,-7104596.21757256
181,122.306,-7104523.10127133
182,122.994,-7104439.57980848
183,123.676,-7104231.39613430
184,124.330,-7104094.29080907
185,125.005,-7103942.06956874
186,125.684,-7103819.73688897
187,126.362,-7103552.80245606
188,127.017,-7103492.38463005
189,127.662,-7103343.30884869
190,128.336,-7103238.72923289
191,129.041,-7103092.71256447
192,129.719,-7102914.95972128
193,130.369,-7102707.14075446
194,131.018,-7102489.50598128
195,131.681,-7102381.53245022
196,132.364,-7102352.74797071
197,133.055,-7102190.88321088
198,133.725,-7102115.15438641
199,134.435,-7102015.74517034
200,135.124,-7101862.07439186
201,135.834,-7101780.33803429
202,136.505,-7101617.03579952
203,137.150,-7101543.51590156
204,137.816,-7101362.11362917
205,138.488,-7101247.24490443
206,139.150,-7101037.87000279
207,139.792,-7100925.53255626
208,140.470,-7100770.97627319
209,141.157,-7100713.24960548
210,141.822,-7100656.83704612
211,142.478,-7100560.17803356
212,143.154,-7100415.41686945
213,143.844,-7100195.90005717
214,144.522,-7100083.21210791
215,145.183,-7099943.54602771
216,145.857,-7099844.76504680
217,146.554,-7099674.53091397
218,147.239,-7099628.57622850
219,147.876,-7099503.80326123
220,148.528,-7099347.85064491
221,149.200,-7099311.66369001
222,149.875,-7099101.29523832
223,150.519,-7099009.73687546
224,151.187,-7098920.82429208
225,151.866,-7098765.90619995
226,152.543,-7098600.53390176
227,153.210,-7098428.25145102
228,153.881,-7098386.08543835
229,154.566,-7098337.30942238
230,155.262,-7098152.69177593
231,155.954,-7098068.98695419
232,156.610,-7097906.55471489
233,157.296,-7097871.18500793
234,157.975,-7097678.27117111
235,158.642,-7097671.43942478
236,159.300,-7097516.61106318
237,159.983,-7097457.62737837
238,160.697,-7097247.56281555
239,161.421,-7097166.58795726
240,162.100,-7097042.99669712
241,162.844,-7096960.03509328
242,163.584,-7096791.94449062
243,164.256,-7096676.74379639
244,164.899,-7096597.69752713
245,165.578,-7096573.14729988
246,166.259,-7096408.54882630
247,166.944,-7096289.14269623
248,167.583,-7096182.18584770
249,168.280,-7096093.39926074
250,168.963,-7095992.97420929
251,169.633,-7095818.19557559
252,170.274,-7095750.67915676
253,170.933,-7095758.78343557
254,171.630,-7095645.04076846
255,172.295,-7095590.79095309
256,172.963,-7095484.21239366
257,173.627,-7095372.30106997
258,174.316,-7095201.87459401
259,174.984,-7095146.11104853
260,175.638,-7094999.89296492
261,176.329,-7094957.72870505
262,177.002,-7094883.60366087
263,177.713,-7094847.02558056
264,178.359,-7094706.55772071
265,179.037,-7094567.52404961
266,179.717,-7094415.30891256
267,180.386,-7094385.84776338
268,181.039,-7094286.44503793
269,181.715,-7094225.18381286
270,182.398,-7094080.49669464
271,183.057,-7093968.40045776
272,183.726,-7093927.51746517
273,184.402,-7093790.62139664
274,185.108,-7093700.94282958
275,185.781,-7093646.95436036
276,186.445,-7093657.43285693
277,187.119,-7093589.83125501
278,187.782,-7093490.54122189
279,188.459,-7093384.12423823
280,189.096,-7093285.44704265
281,189.774,-7093165.46452334
282,190.471,-7093062.84961321
283,191.157,-7092948.08182147
284,191.801,-7092964.96751486
285,192.469,-7092838.00510353
286,193.155,-7092759.67345923
287,193.806,-7092693.13407886
288,194.473,-7092627.90737541
289,195.162,-7092604.94734320
290,195.850,-7092487.05619518
291,196.530,-7092404.79785264
292,197.190,-7092306.47702548
293,197.876,-7092198.36100717
294,198.549,-7092114.90085135
295,199.224,-7092038.75147435
296,199.883,-7091980.27445587
297,200.563,-7091952.97264895
298,201.239,-7091860.31446429
299,201.907,-7091804.19232509
300,202.552,-7091746.22044357
301,203.223,-7091682.18654837
302,203.914,-7091687.55717364
303,204.560,-7091627.03859642
304,205.212,-7091480.98911656
305,205.885,-7091308.95503258
306,206.563,-7091241.47229470
307,207.218,-7091168.44345588
308,207.882,-7091115.32630552
309,208.577,-7091028.68277705
310,209.274,-7091007.08577906
311,209.966,-7090918.87454201
312,210.613,-7090790.66020347
313,211.269,-7090770.65246949
314,211.937,-7090662.61918466
315,212.634,-7090578.62506444
316,213.295,-7090513.33251210
317,213.950,-7090456.91545132
318,214.634,-7090385.00936614
319,215.302,-7090317.75136618
320,215.945,-7090281.73242866
321,216.598,-7090130.37709908
322,217.282,-7090100.69597315
323,217.964,-7090003.92578922
324,218.636,-7089916.44358772
325,219.297,-7089859.27608556
326,219.934,-7089831.27896292
327,220.604,-7089730.49653064
328,221.312,-7089658.93253532
329,221.953,-7089573.04642660
330,222.625,-7089517.02726863
331,223.309,-7089435.15459460
332,223.995,-7089358.04116193
333,224.667,-7089283.53087722
334,225.315,-7089204.05644463
335,225.987,-7089167.83146022
336,226.663,-7089074.30929066
337,227.430,-7089039.27942609
338,228.118,-7088945.16557561
339,228.808,-7088882.66137184
340,229.563,-7088826.79245230
341,230.263,-7088757.30189873
342,230.927,-7088656.52255150
343,231.593,-7088516.12798198
344,232.293,-7088437.52896866
345,232.965,-7088369.97542402
346,233.623,-7088350.63165075
347,234.289,-7088289.89470006
348,234.987,-7088260.88255430
349,235.699,-7088242.15024234
350,236.413,-7088134.40406492
351,237.079,-7088001.70162586
352,237.728,-7087921.47403175
353,238.421,-7087863.75996658
354,239.090,-7087839.85484173
355,239.740,-7087690.85058908
356,240.406,-7087619.44888268
357,241.094,-7087551.62396971
358,241.786,-7087547.95778592
359,242.458,-7087513.67975931
360,243.137,-7087458.95764065
361,243.811,-7087403.23201173
362,244.491,-7087345.44303643
363,245.169,-7087221.08824709
364,245.849,-7087208.78913848
365,246.517,-7087152.05586862
366,247.190,-7087110.06200295
367,247.880,-7087098.45066723
368,248.522,-7087013.76694978
369,249.180,-7086915.67310866
370,249.852,-7086820.34664913
371,250.532,-7086763.65158307
372,251.213,-7086723.80143033
373,251.868,-7086708.49772771
374,252.534,-7086642.23738829
375,253.222,-7086634.08443836
376,253.906,-7086520.48545656
377,254.556,-7086494.10455130
378,255.211,-7086459.79491170
379,255.898,-7086347.82914409
380,256.626,-7086256.95600864
381,257.306,-7086255.48874276
382,257.947,-7086222.58019915
383,258.596,-7086190.94916226
384,259.269,-7086087.46641437
385,259.965,-7086073.21965533
386,260.633,-7086009.61782831
387,261.298,-7085968.70498525
388,261.970,-7085891.15507694
389,262.652,-7085896.00762312
390,263.322,-7085846.85967993
391,263.965,-7085793.17573070
392,264.642,-7085762.08708810
393,265.333,-7085645.84058476
394,266.021,-7085583.43478369
395,266.687,-7085577.15229151
396,267.352,-7085478.91342979
397,268.035,-7085396.72189429
398,268.698,-7085407.84868634
399,269.360,-7085322.10808634
400,270.018,-7085332.56052587
401,270.693,-7085287.03513374
402,271.372,-7085187.75130695
403,272.051,-7085110.84779827
404,272.718,-7085029.89427042
405,273.411,-7084994.50172951
406,274.097,-7085006.08735408
407,274.790,-7084926.86628951
408,275.454,-7084877.55296256
409,276.111,-7084816.41382218
410,276.812,-7084678.29877511
411,277.509,-7084695.87706966
412,278.175,-7084660.03176336
413,278.829,-7084608.45243228
414,279.507,-7084570.73292409
415,280.196,-7084545.80589120
416,280.859,-7084496.20239330
417,281.528,-7084426.05755601
418,282.182,-7084314.78939207
419,282.885,-7084348.41013396
420,283.564,-7084294.67307260
421,284.242,-7084291.05393028
422,284.900,-7084231.37671508
423,285.562,-7084179.26897020
424,286.245,-7084107.99035524
425,286.924,-7084056.98811985
426,287.584,-7083973.50205944
427,288.253,-7083960.14092178
428,288.957,-7083910.38358542
429,289.651,-7083942.62375830
430,290.329,-7083999.08476516
431,291.000,-7083885.70584540
432,291.754,-7083813.98303788
433,292.419,-7083772.43062402
434,293.078,-7083712.80029927
435,293.749,-7083657.93700239
436,294.435,-7083578.35294105
437,295.109,-7083591.66814833
438,295.765,-7083641.52918031
439,296.440,-7083533.02270289
440,297.128,-7083477.45671046
441,297.823,-7083429.79126828
442,298.503,-7083389.96601784
443,299.148,-7083366.28035264
444,299.803,-7083315.96263055
445,300.504,-7083215.46644850
446,301.186,-7083227.49273289
447,301.852,-7083185.78834954
448,302.536,-7083144.28298064
449,303.237,-7083101.50538167
450,303.918,-7083054.54430209
451,304.579,-7083031.10947856
452,305.235,-7082971.98589753
453,305.881,-7083033.83787573
454,306.562,-7082992.87831573
455,307.239,-7082955.10201951
456,307.932,-7082969.36699127
457,308.604,-7082888.44893571
458,309.253,-7082786.22143277
459,309.929,-7082704.90754621
460,310.610,-7082637.53592232
461,311.283,-7082691.70895099
462,311.928,-7082649.38939125
463,312.587,-7082601.84584182
464,313.311,-7082538.45271918
465,313.993,-7082524.94877193
466,314.650,-7082519.05653873
467,315.292,-7082435.26646655
468,315.999,-7082419.62538998
469,316.687,-7082368.56236209
470,317.366,-7082314.01200768
471,318.027,-7082282.02847080
472,318.692,-7082182.48164803
473,319.372,-7082196.22850881
474,320.052,-7082148.12427066
475,320.710,-7082115.72494330
476,321.358,-7082103.35336401
477,322.065,-7082047.54500532
478,322.760,-7081988.65898565
479,323.443,-7081941.33660615
480,324.093,-7081911.71886086
481,324.765,-7081844.18266099
482,325.430,-7081827.09900487
483,326.104,-7081794.81871715
484,326.772,-7081790.79251047
485,327.440,-7081717.55098213
486,328.131,-7081708.08593647
487,328.810,-7081604.22222192
488,329.479,-7081620.25291692
489,330.158,-7081600.12533806
490,330.846,-7081545.92420985
491,331.534,-7081538.02072664
492,332.235,-7081460.94949353
493,332.900,-7081391.00638182
494,333.556,-7081403.11356626
495,334.240,-7081310.10938421
496,334.909,-7081307.42477286
497,335.563,-7081273.24789582
498,336.223,-7081224.16382769
499,336.916,-7081186.93421970
500,337.598,-7081124.52013386
501,338.270,-7081163.25734029
502,338.942,-7081056.12646993
503,339.603,-7081028.02709115
504,340.296,-7080991.91167774
505,340.971,-7080991.73540453
506,341.633,-7080953.27756590
507,342.277,-7080887.67118271
508,342.952,-7080867.33305033
509,343.632,-7080882.42709901
510,344.293,-7080848.87043333
511,344.969,-7080788.86914321
512,345.635,-7080788.38413422
513,346.346,-7080735.99190232
514,347.022,-7080681.68402986
515,347.685,-7080591.17154666
516,348.345,-7080573.33354826
517,349.018,-7080593.57880817
518,349.716,-7080537.40847213
519,350.374,-7080526.18687019
520,351.066,-7080518.20282672
521,351.740,-7080497.13301543
522,352.457,-7080437.46429712
523,353.137,-7080392.45098364
524,353.778,-7080362.44423653
525,354.448,-7080308.45569685
526,355.110,-7080243.00729395
527,355.808,-7080256.02183696
528,356.486,-7080243.93381830
529,357.147,-7080229.85120667
530,357.804,-7080147.67209265
531,358.490,-7080149.86812745
532,359.188,-7080125.61473972
533,359.891,-7080073.06606522
534,360.581,-7080040.41671683
