Iter,Time,LogLik
1,1.518,-8217992.28796707
2,2.923,-8265533.97915269
3,4.312,-8300513.76902972
4,5.674,-8328094.98001834
5,7.013,-8349902.23582216
6,8.302,-8369234.73927599
7,9.614,-8383385.79728930
8,10.957,-8395787.65542514
9,12.253,-8404581.96809343
10,13.568,-8413254.69066609
11,14.896,-8420239.11974670
12,16.206,-8427337.76679207
13,17.467,-8429013.65805417
14,18.752,-8431825.58245562
15,20.048,-8434717.00677015
16,21.334,-8437702.59932872
17,22.629,-8440102.43931802
18,23.889,-8442645.71385251
19,25.179,-8444257.38585959
20,26.445,-8445934.24576889
21,27.704,-8447033.39590920
22,28.954,-8448649.23637137
23,30.181,-8448918.96591016
24,31.422,-8450046.26658709
25,32.670,-8450101.67731815
26,33.973,-8450462.99039250
27,35.210,-8450240.10511289
28,36.457,-8450332.00585504
29,37.695,-8449949.54219678
30,38.949,-8449813.28520816
31,40.190,-8449818.51540231
32,41.450,-8449687.78297584
33,42.686,-8448978.17942055
34,44.009,-8448673.09325359
35,45.242,-8448727.00207867
36,46.487,-8448264.56752623
37,47.728,-8447482.11907699
38,48.963,-8447153.38392640
39,50.234,-8446549.62566682
40,51.457,-8445961.13897935
41,52.714,-8445185.57637381
42,53.958,-8444548.84670808
43,55.199,-8443890.52342084
44,56.475,-8443302.51303736
45,57.705,-8442387.18286048
46,59.364,-8441663.13854742
47,60.631,-8441154.07172889
48,61.865,-8440307.72745881
49,63.072,-8439672.54115143
50,64.313,-8438729.91069036
51,65.533,-8437818.84357457
52,66.810,-8437175.92650500
53,68.063,-8436565.80165116
54,69.320,-8435834.39075091
55,70.543,-8435240.63182739
56,71.788,-8434245.89550229
57,73.041,-8433512.01096960
58,74.334,-8432655.14050157
59,75.564,-8431664.32012073
60,76.785,-8430828.89671394
61,78.020,-8430001.50042228
62,79.258,-8429173.61722414
63,80.483,-8428279.09985624
64,81.697,-8427466.23370713
65,82.930,-8426823.78451971
66,84.180,-8425984.29411748
67,85.422,-8425347.16928498
68,86.659,-8424382.31094778
69,87.876,-8423470.80240564
70,89.097,-8422536.80818234
71,90.388,-8421764.31969498
72,91.633,-8420846.03039995
73,92.894,-8420020.22289570
74,94.131,-8419377.62971021
75,95.378,-8418683.60331205
76,96.587,-8417994.66051252
77,97.827,-8417298.49859433
78,99.053,-8416382.34231074
79,100.268,-8415410.60442636
80,101.514,-8414721.53661817
81,102.733,-8413942.30369074
82,103.976,-8413128.12740240
83,105.191,-8412152.12872560
84,106.446,-8411318.44741121
85,107.666,-8410628.57457577
86,108.904,-8409886.62390824
87,110.142,-8409114.44101629
88,111.411,-8408377.07982568
89,112.625,-8407594.68018064
90,113.852,-8406750.51529255
91,115.091,-8405879.82224666
92,116.334,-8405317.63331638
93,117.577,-8404503.28620257
94,118.808,-8403777.69637371
95,120.044,-8402828.88012307
96,121.291,-8402083.95068783
97,122.529,-8401395.91629826
98,123.780,-8400773.24434984
99,124.993,-8399967.39303236
100,126.216,-8399235.81721163
101,127.465,-8398612.22060865
102,128.727,-8398020.92336336
103,129.959,-8397268.02123599
104,131.207,-8396509.60059622
105,132.468,-8395719.55244342
106,133.719,-8395014.04975077
107,134.928,-8394397.20983390
108,136.165,-8393676.26204974
109,137.413,-8393042.57810285
110,138.653,-8392417.57399453
111,139.894,-8391706.87238974
112,141.123,-8391006.19005120
113,142.359,-8390350.45457610
114,143.599,-8389708.93569477
115,144.862,-8389014.59059960
116,146.079,-8388275.07537962
117,147.340,-8387469.52838099
118,148.580,-8386817.65320111
119,149.821,-8386243.52341790
120,151.049,-8385619.27097786
121,152.290,-8385155.23011771
122,153.537,-8384801.87183140
123,154.766,-8384156.10553578
124,155.986,-8383502.12340299
125,157.186,-8382692.08312601
126,158.405,-8381841.61072957
127,159.628,-8381197.05043326
128,160.876,-8380598.75289430
129,162.333,-8379948.17108311
130,163.558,-8379434.61654050
131,164.798,-8378779.11979555
132,166.024,-8378150.70243228
133,167.284,-8377764.99988899
134,168.484,-8377447.17911906
135,169.709,-8376825.80007003
136,170.973,-8376225.61121407
137,172.210,-8375531.38202012
138,173.450,-8374767.30572843
139,174.659,-8374058.04842863
140,175.893,-8373424.65539439
141,177.117,-8372821.38004204
142,178.365,-8372356.06743696
143,179.600,-8371769.27473644
144,180.855,-8371208.88468539
145,182.059,-8370519.19445366
146,183.292,-8370132.09516873
147,184.551,-8369476.37272547
148,185.772,-8368923.26235221
149,187.004,-8368243.38814684
150,188.245,-8367872.12501300
151,189.495,-8367232.55971933
152,190.732,-8366781.51007001
153,191.956,-8366257.63850685
154,193.170,-8365762.56891900
155,194.417,-8365188.92508828
156,195.663,-8364558.86504405
157,196.899,-8363970.17013297
158,198.135,-8363559.72399876
159,199.362,-8362986.18054180
160,200.572,-8362465.35718169
161,201.838,-8361817.67628385
162,203.068,-8361534.23974421
163,204.287,-8361045.04978143
164,205.497,-8360584.73124508
165,206.736,-8360088.68799475
166,207.972,-8359723.38253077
167,209.213,-8359242.42724493
168,210.436,-8358634.34474074
169,211.655,-8358174.92002522
170,212.911,-8357833.03731065
171,214.165,-8357501.82564424
172,215.384,-8356980.86184692
173,216.606,-8356394.90901593
174,217.836,-8355830.58798199
175,219.084,-8355388.27581195
176,220.317,-8354936.62797618
177,221.570,-8354510.03085178
178,222.819,-8353887.72633307
179,224.043,-8353408.49705744
180,225.299,-8352934.40381241
181,226.541,-8352428.70283119
182,227.763,-8352061.90300889
183,229.018,-8351771.40935511
184,230.287,-8351227.84535631
185,231.525,-8350757.75731479
186,232.752,-8350246.52021508
187,233.990,-8349920.00459003
188,235.231,-8349514.90533517
189,236.473,-8349128.46794698
190,237.691,-8348480.57527468
191,238.933,-8348015.83422768
192,240.165,-8347743.23378085
193,241.393,-8347260.93773090
194,242.623,-8346687.23639165
195,243.864,-8346392.63735619
196,245.087,-8345894.84318459
197,246.325,-8345493.03848857
198,247.562,-8345105.60217643
199,248.772,-8344678.98975324
200,249.988,-8344280.30523347
201,251.253,-8343996.05464060
202,252.488,-8343526.09657306
203,253.719,-8343128.79406114
204,254.948,-8342762.71208131
205,256.200,-8342372.25662870
206,257.860,-8341884.75522274
207,259.089,-8341608.69989693
208,260.343,-8341149.31139035
209,261.584,-8340880.04844232
210,262.821,-8340427.79882593
211,264.047,-8340018.87100203
212,265.271,-8339665.82428364
213,266.491,-8339350.62416101
214,267.729,-8338929.10347621
215,268.941,-8338589.85509686
216,270.163,-8338143.69051071
217,271.393,-8337777.80003797
218,272.655,-8337354.50909728
219,273.866,-8336952.59534391
220,275.090,-8336763.45202156
221,276.333,-8336442.76175563
222,277.561,-8336042.49857989
223,278.786,-8335666.76889065
224,279.984,-8335309.73750600
225,281.242,-8334937.08716525
226,282.463,-8334486.61231313
227,283.704,-8334094.38636841
228,284.913,-8333742.09842800
229,286.109,-8333330.66015420
230,287.325,-8332958.10785463
231,288.592,-8332665.34846859
232,289.833,-8332398.61800127
233,291.047,-8332137.21365928
234,292.279,-8331767.49423287
235,293.503,-8331503.64570843
236,294.757,-8331212.35147967
237,295.994,-8330888.05943388
238,297.212,-8330460.02775953
239,298.427,-8330111.48533347
240,299.647,-8329706.91403943
241,300.889,-8329296.90782789
242,302.126,-8328994.83206791
243,303.360,-8328755.45723619
244,304.574,-8328416.68089172
245,305.849,-8328101.46940397
246,307.058,-8327709.39500989
247,308.266,-8327572.11840277
248,309.476,-8327294.64706520
249,310.713,-8326970.89746708
250,311.955,-8326706.80289058
251,313.183,-8326390.78105419
252,314.405,-8325921.96602891
253,315.618,-8325554.78515853
254,316.846,-8325160.49967233
255,318.068,-8324938.34965883
256,319.290,-8324635.65740013
257,320.526,-8324341.73908388
258,321.777,-8324054.54008061
259,323.025,-8323884.33621334
260,324.246,-8323541.11537774
261,325.511,-8323232.61952992
262,326.754,-8322930.72790718
263,328.004,-8322657.59199570
264,329.224,-8322239.59647091
265,330.452,-8322051.08907517
266,331.693,-8321765.77458901
267,332.913,-8321458.60617139
268,334.151,-8321204.93645694
269,335.401,-8320917.93022148
270,336.597,-8320628.11740043
271,337.829,-8320299.62895923
272,339.037,-8319996.83997174
273,340.304,-8319669.06093381
274,341.511,-8319284.61897133
275,342.749,-8318991.74518297
276,343.959,-8318844.25743720
277,345.189,-8318629.79118734
278,346.398,-8318413.21735406
279,347.683,-8318143.64903462
280,348.921,-8317870.24281066
281,350.173,-8317622.33076039
282,351.403,-8317334.02446167
283,352.658,-8316979.55028854
284,353.860,-8316687.23039514
285,355.087,-8316349.35721596
286,356.323,-8315968.58689398
287,357.571,-8315789.01161778
288,358.808,-8315592.79060682
289,360.013,-8315326.84165534
