Iter,Time,LogLik
1,3.273,-8653994.71981983
2,5.057,-8613599.22491892
3,6.669,-8589932.24338582
4,8.232,-8601306.30580175
5,9.809,-8633582.50142840
6,11.457,-8634023.94718001
7,13.033,-8632002.12987324
8,14.556,-8629326.15883432
9,15.957,-8628807.59261767
10,17.406,-8640162.03055868
11,18.820,-8640390.64211248
12,20.278,-8640119.74504677
13,21.740,-8643166.62742157
14,23.107,-8645643.37132783
15,24.443,-8643480.41121433
16,25.809,-8647809.61517466
17,27.209,-8652419.37640333
18,28.570,-8652430.05744643
19,29.882,-8651832.42662362
20,31.220,-8649690.60569438
21,32.551,-8649688.80275675
22,33.907,-8648971.20327169
23,35.244,-8650132.66657792
24,36.594,-8653399.07800693
25,37.922,-8650337.18516673
26,39.289,-8648798.23670810
27,40.664,-8647132.42300870
28,42.093,-8648248.23621341
29,43.424,-8647802.15224633
30,44.771,-8646731.04327187
31,46.102,-8646264.33195793
32,47.401,-8643540.29771580
33,48.738,-8643318.80489866
34,50.062,-8641638.68761644
35,51.382,-8639356.74352776
36,52.671,-8637987.43109921
37,54.003,-8641760.87136551
38,55.334,-8641398.39813644
39,56.651,-8640318.02929999
40,57.956,-8638252.11755283
41,59.241,-8637501.42393065
42,60.542,-8635052.18875491
43,61.863,-8632989.80495160
44,63.144,-8633269.01995173
45,64.446,-8630921.70507534
46,65.722,-8629409.83478917
47,67.030,-8629986.97924420
48,68.336,-8627933.56705324
49,69.594,-8627323.99538846
50,70.859,-8625248.02724085
51,72.149,-8623462.54070454
52,73.452,-8621995.45407941
53,74.733,-8621441.52364690
54,76.017,-8619259.83415833
55,77.309,-8618477.76909768
56,78.578,-8617580.42678106
57,79.874,-8617775.25995687
58,81.148,-8616672.41270062
59,82.450,-8614848.99737772
60,83.763,-8612804.62572534
61,85.033,-8611410.79089377
62,86.367,-8611904.75487925
63,87.622,-8610524.48189611
64,88.880,-8609903.31895168
65,90.152,-8608477.42998662
66,91.440,-8607751.81967986
67,92.762,-8610425.53797326
68,94.042,-8608937.09522279
69,95.303,-8606619.25319937
70,96.577,-8604425.05998137
71,97.843,-8602467.48202870
72,99.138,-8602468.93908323
73,100.415,-8600541.20220256
74,101.696,-8598536.43737311
75,102.972,-8597259.41099960
76,104.253,-8596059.69196113
77,105.523,-8593853.80820411
78,106.805,-8593072.87811304
79,108.106,-8592578.96440659
80,109.388,-8590945.76458908
81,110.672,-8588700.93414953
82,111.900,-8586618.32656420
83,113.162,-8585289.29431140
84,114.424,-8583401.26942333
85,115.722,-8582443.90055259
86,117.007,-8582127.75273353
87,118.273,-8579867.24139472
88,119.526,-8578167.40321551
89,120.816,-8576443.54401551
90,122.086,-8575501.55765088
91,123.354,-8573883.35569454
92,124.619,-8572123.57560690
93,125.886,-8570674.64540415
94,127.160,-8568477.43890977
95,128.440,-8567454.96436986
96,129.699,-8565944.02180478
97,131.502,-8564149.92074660
98,132.818,-8562532.39703481
99,134.108,-8562844.00787613
100,135.387,-8561817.16651389
101,136.654,-8559964.60050602
102,137.930,-8558639.79051137
103,139.200,-8556975.13064296
104,140.463,-8555677.57176523
105,141.737,-8555154.96678262
106,142.997,-8553675.60561685
107,144.263,-8554275.73985816
108,145.531,-8553480.19258764
109,146.789,-8552310.90552561
110,148.061,-8550921.69468759
111,149.325,-8549649.66613642
112,150.588,-8548365.38651435
113,151.871,-8547032.09927362
114,153.140,-8545739.10775970
115,154.414,-8544319.33101231
116,155.673,-8543220.03011916
117,156.938,-8541848.66479860
118,158.202,-8541081.10541081
119,159.477,-8539431.41910530
120,160.736,-8538144.06297712
121,162.003,-8536980.51223398
122,163.273,-8535482.97575184
123,164.550,-8534339.77295019
124,165.795,-8532383.59232942
125,167.091,-8530971.03394952
126,168.409,-8529938.85141965
127,169.679,-8528462.12876825
128,170.945,-8527990.09411096
129,172.235,-8527110.86733479
130,173.498,-8525796.30499609
131,174.774,-8525769.01438999
132,176.058,-8524629.94786391
133,177.331,-8524435.35862176
134,178.587,-8523155.68283744
135,179.875,-8523059.12262174
136,181.231,-8521390.75614596
137,182.513,-8520199.68332230
138,183.766,-8518915.80198418
139,185.019,-8517488.89447226
140,186.296,-8516804.95270345
141,187.956,-8515970.94097281
142,189.234,-8514722.41483116
143,190.507,-8513914.46176897
144,191.780,-8512528.68948605
145,193.025,-8511409.13293035
146,194.293,-8510026.84908651
147,195.569,-8509066.16763043
148,196.842,-8508892.62556077
149,198.093,-8508855.52587662
150,199.371,-8508249.66498293
151,200.635,-8507321.29243331
152,201.904,-8506050.24931997
153,203.179,-8505378.50653994
154,204.427,-8504547.38158383
155,205.705,-8503469.31505782
156,206.984,-8502208.68761556
157,208.262,-8501050.90002059
158,209.525,-8500563.18433394
159,210.783,-8499821.17476031
160,212.078,-8499006.58887077
161,213.326,-8497495.60176269
162,214.575,-8496481.70013470
163,215.832,-8495141.33593475
164,217.112,-8494151.50231266
165,218.356,-8492940.71927360
166,219.602,-8492071.27949717
167,220.871,-8491684.57022581
168,222.176,-8490561.28188450
169,223.450,-8491152.46241793
170,224.710,-8490517.41071506
171,225.993,-8489674.44398895
172,227.310,-8488674.59133504
173,228.555,-8487870.38172825
174,229.823,-8487081.04299593
175,231.109,-8485956.27306687
176,232.392,-8485110.57285422
177,233.676,-8484081.70551921
178,234.936,-8483281.27074225
179,236.190,-8482262.64236093
180,237.468,-8481803.08985242
181,238.737,-8480605.85086735
182,240.020,-8479742.51128988
183,241.276,-8479136.56265717
184,242.545,-8478031.86314061
185,243.823,-8477170.38891207
186,245.073,-8475803.90357236
187,246.313,-8474725.58921176
188,247.593,-8473891.61596862
189,248.858,-8472854.07498134
190,250.119,-8472477.18725131
191,251.377,-8471939.57920044
192,252.697,-8470999.20588484
193,253.961,-8471030.91399409
194,255.207,-8470272.29504155
195,256.507,-8470083.91022991
196,257.790,-8469228.10442014
197,259.071,-8469176.82092444
198,260.336,-8467922.36589964
199,261.602,-8467105.76353294
200,262.895,-8466177.47007600
201,264.145,-8465477.49023156
202,265.412,-8464932.71294401
203,266.687,-8463934.34493865
204,267.975,-8463116.96705072
205,269.247,-8462269.18302876
206,270.510,-8461445.22956498
207,271.783,-8460886.56832527
208,273.043,-8460122.62259667
209,274.328,-8459626.76007654
210,276.153,-8459335.45936995
211,277.435,-8458760.14417346
212,278.711,-8458182.44434405
213,279.977,-8458020.32224357
214,281.241,-8457231.62883185
215,282.510,-8456578.03894267
216,283.750,-8455834.97376876
217,285.049,-8455716.88693301
218,286.333,-8455608.05853432
219,287.597,-8454676.83832080
220,288.859,-8453909.98076512
221,290.144,-8453892.49440712
222,291.419,-8453084.69522039
223,292.641,-8452089.39065506
224,293.920,-8451173.84841745
225,295.215,-8450873.99563025
226,296.485,-8449878.44503052
227,297.749,-8448942.08757041
228,299.011,-8448782.23708332
229,300.309,-8447804.94776946
230,301.606,-8447032.80547579
231,302.887,-8446191.90227266
232,304.155,-8445453.13420220
233,305.433,-8444406.55524874
234,306.692,-8444253.48949983
235,307.956,-8443815.96596414
236,309.265,-8442965.49310275
237,310.535,-8442110.12728390
238,311.810,-8441237.82463070
239,313.085,-8440946.75842033
240,314.358,-8440484.33665301
241,315.640,-8439637.08059052
242,316.957,-8439397.44381572
243,318.217,-8438721.29865247
244,319.495,-8438025.64892044
245,320.774,-8437238.40884947
246,322.036,-8436743.08170491
247,323.298,-8436189.85089938
248,324.578,-8435169.24151761
249,325.854,-8434420.13590766
250,327.120,-8433990.72385771
251,328.429,-8434079.20195559
252,329.710,-8433432.38928983
253,331.001,-8433283.56359524
254,332.274,-8432529.54554811
255,333.549,-8433024.85994035
256,334.802,-8432067.43607784
257,336.074,-8432178.86791189
258,337.399,-8431702.57744093
259,338.661,-8431010.23346826
260,339.927,-8430561.98974650
261,341.206,-8429953.13284813
262,342.458,-8429009.88326829
263,343.734,-8428401.79035253
264,344.995,-8428061.33893389
265,346.265,-8427269.24928325
266,347.527,-8426670.43627886
267,348.811,-8425855.19596615
268,350.483,-8425407.94549785
269,351.752,-8424891.97898863
270,353.029,-8424332.78817700
271,354.294,-8423942.79194754
272,355.562,-8423736.74928320
273,356.831,-8423316.67337602
274,358.096,-8422903.90179661
275,359.388,-8422797.72191623
276,360.660,-8422222.85152351
277,361.939,-8421668.69261034
278,363.207,-8421207.08803819
279,364.476,-8421049.15017471
280,365.756,-8421189.23187826
281,367.036,-8420466.56584460
282,368.284,-8419829.53515556
283,369.563,-8419875.69441292
284,370.821,-8419313.80912960
285,372.086,-8418501.13669755
286,373.355,-8417758.82796306
287,374.633,-8417641.00863211
288,375.902,-8416959.46390894
289,377.176,-8416102.29840319
290,378.487,-8416056.56361885
291,379.741,-8415270.57602734
292,381.032,-8414709.92540763
293,382.312,-8414075.03566906
294,383.586,-8413590.41034068
295,384.841,-8412678.08009302
296,386.120,-8412657.71403298
297,387.400,-8412322.95693882
298,388.699,-8411622.76551490
299,389.933,-8411022.01228052
300,391.202,-8410381.63849430
301,392.500,-8410038.35933934
302,393.759,-8409632.20901799
303,395.033,-8409282.20853975
304,396.320,-8409459.86795356
305,397.609,-8408982.27529610
306,398.857,-8408432.07856082
307,400.117,-8408187.92538844
308,401.380,-8407726.29026239
309,402.659,-8407393.45090537
310,403.948,-8406929.55888994
311,405.209,-8406925.78023404
312,406.469,-8406254.93916237
313,407.847,-8405634.98703964
314,409.097,-8405168.10105980
315,410.360,-8404533.41748361
316,411.673,-8404262.80293148
317,412.964,-8403702.73701434
318,414.241,-8403602.22065279
319,415.529,-8403194.48014206
320,416.808,-8403181.01203025
321,418.097,-8402933.08514008
322,419.370,-8402389.63146132
323,420.649,-8402680.66244560
324,421.928,-8402239.02781206
325,423.191,-8402528.21862822
326,424.431,-8402225.57931346
327,425.704,-8402058.29127002
328,426.972,-8401633.51077941
329,428.250,-8401107.39455227
330,429.519,-8400799.03765211
331,430.768,-8400264.40951739
332,432.042,-8399986.15747087
333,433.305,-8399244.73846315
334,434.584,-8398659.87173259
335,435.859,-8398058.79261586
336,437.133,-8397509.01992165
337,438.437,-8397629.48380720
338,439.707,-8397422.50068735
339,440.981,-8397350.16005338
340,442.247,-8397471.99200176
341,443.535,-8396780.87254523
342,444.798,-8395979.00289092
343,446.075,-8395662.38605200
344,447.367,-8395322.16504588
345,448.664,-8394861.69056435
346,449.931,-8394597.84641885
347,451.192,-8394276.72223796
348,452.458,-8393989.34175680
349,453.732,-8393318.61438663
350,454.998,-8392974.07637583
351,456.288,-8392319.17928483
352,457.562,-8392076.58981620
353,458.842,-8391530.93161304
354,460.098,-8391007.60721185
355,461.354,-8390607.35120604
356,462.636,-8390294.16603890
357,463.943,-8390105.33551129
358,465.214,-8389594.84049219
359,466.479,-8388876.48289528
360,467.736,-8388430.78316166
361,469.076,-8388314.04662433
362,470.336,-8387604.74732576
363,471.605,-8387367.22216260
364,472.893,-8387018.75991683
365,474.177,-8386744.46390718
366,475.423,-8386903.58084483
367,476.686,-8386504.83761004
368,477.967,-8386080.60921933
369,479.246,-8385859.98387550
370,480.512,-8385422.87061885
371,481.780,-8385166.08349036
372,483.045,-8384751.99122272
373,484.340,-8384912.47373465
374,485.600,-8384277.75257075
375,486.870,-8383734.71712488
376,488.128,-8383480.00439212
377,489.421,-8382911.93901599
378,490.702,-8382680.05286081
379,491.975,-8382204.68626560
380,493.245,-8382090.37326103
381,494.532,-8381864.60264865
382,495.794,-8381854.22795313
383,497.046,-8381674.26214942
384,498.356,-8381243.93111915
385,499.638,-8381559.80265056
386,500.912,-8381290.66689811
387,502.191,-8381498.22496047
388,503.478,-8381436.42551376
389,504.778,-8381351.07548869
390,506.015,-8381022.37685291
391,507.292,-8380575.88202755
392,508.961,-8380309.19583077
393,510.233,-8379891.41907506
394,511.500,-8379705.09214016
395,512.761,-8379022.65230403
396,514.017,-8378594.14823721
397,515.304,-8378103.83420113
398,516.587,-8377657.71727438
399,517.877,-8377839.50433023
400,519.157,-8377711.10681045
401,520.438,-8377342.43011381
402,521.717,-8377129.29985907
403,522.978,-8376594.00785674
404,524.256,-8376575.91441568
405,525.532,-8376206.90889011
406,526.816,-8376043.54598732
407,528.088,-8375719.02096722
408,529.354,-8375550.41420340
409,530.637,-8375210.54081266
410,531.896,-8374989.33063028
411,533.170,-8374618.67359931
412,534.434,-8374393.84776719
413,535.715,-8374039.71958482
414,536.986,-8373527.90125170
415,538.245,-8374016.58390465
416,539.533,-8373973.10132416
417,540.825,-8373869.76107467
418,542.044,-8373387.85063570
419,543.319,-8373120.77810277
420,544.594,-8373734.70125421
421,545.886,-8373461.94606430
422,547.142,-8373406.45939124
423,548.414,-8372755.48805569
424,549.679,-8372201.25567912
425,550.972,-8371854.35118835
426,552.260,-8371804.78648932
427,553.523,-8371444.28515778
428,554.791,-8371198.17898129
429,556.084,-8371059.10255860
430,557.348,-8370722.70614915
431,558.684,-8370468.94066895
432,559.943,-8370330.02739955
433,561.230,-8370212.33201722
434,562.503,-8369776.65201899
435,563.775,-8369405.74322652
436,565.024,-8369044.91375610
437,566.292,-8368584.22792762
438,567.577,-8368038.80091401
439,568.859,-8368346.38539875
440,570.134,-8367925.03324999
441,571.407,-8368103.16605487
442,573.066,-8368112.90725662
443,574.344,-8367785.25829976
444,575.615,-8367856.07302302
445,576.889,-8367581.56620611
446,578.148,-8367105.87788140
447,579.400,-8366569.09457203
448,580.661,-8366145.02734703
449,581.958,-8365685.83779268
450,583.262,-8365266.95977090
451,584.534,-8365326.85947046
452,585.795,-8364926.28335259
453,587.078,-8364557.83165553
454,588.358,-8364281.53377975
455,589.603,-8363820.80342905
456,590.902,-8363526.38777215
457,592.180,-8363225.69800397
458,593.460,-8363049.27611494
459,594.737,-8362867.65251857
460,596.014,-8362561.28828663
461,597.295,-8362147.24844288
462,598.565,-8361736.18659295
463,599.828,-8361449.62129286
464,601.084,-8361229.83003298
465,602.355,-8360797.40742756
466,603.633,-8360682.32087184
467,604.910,-8360509.35446768
468,606.179,-8360266.24849745
469,607.450,-8360005.20244252
470,608.726,-8359951.02595010
471,610.007,-8359677.06023898
472,611.291,-8359463.67968846
473,612.552,-8359134.06652383
474,613.820,-8358896.14981832
475,615.108,-8358660.05680690
476,616.375,-8358249.55236200
477,617.671,-8358709.06112808
478,618.930,-8358684.84499151
479,620.218,-8358573.73854780
480,621.473,-8358221.88313649
481,622.760,-8357926.99674571
482,624.059,-8358619.24077927
483,625.341,-8358434.18121938
484,626.610,-8358370.55464109
485,627.906,-8357801.27979163
486,629.176,-8357338.71019852
487,630.409,-8356946.31915804
488,631.679,-8357050.70836544
489,632.959,-8356744.10174369
490,634.247,-8356595.90673027
491,635.503,-8356435.24313839
492,636.750,-8356165.80215640
493,638.033,-8356033.09787365
494,639.275,-8355936.08931918
495,640.551,-8355925.85418905
496,641.830,-8355523.33891883
497,643.109,-8355189.29582985
498,644.377,-8354856.32519545
499,645.642,-8354538.20088566
500,647.278,-8354092.39853474
501,648.548,-8353698.25466992
502,649.817,-8354259.69909385
503,651.080,-8354023.30184496
504,652.349,-8353893.19444636
505,653.625,-8353898.03452258
506,654.899,-8353685.58799639
507,656.170,-8353334.15460957
508,657.478,-8354230.76380812
509,658.756,-8354025.10903803
510,660.035,-8354188.42334873
511,661.312,-8354043.61823428
512,662.584,-8353953.09026243
513,663.856,-8353628.65484299
514,665.115,-8353437.41121909
515,666.384,-8353336.15994347
516,667.651,-8353017.42703983
517,668.950,-8353075.59699989
518,670.232,-8352768.97266644
519,671.510,-8352569.18621061
520,672.769,-8352398.08191548
521,674.051,-8351989.66059536
522,675.319,-8351874.65375208
523,676.568,-8351731.21749614
524,677.856,-8351534.70338716
525,679.173,-8351087.51936978
526,680.438,-8350814.97763525
527,681.711,-8350563.31595120
528,682.973,-8350294.87637256
529,684.251,-8349882.52849942
530,685.527,-8349511.34584677
531,686.829,-8349737.58843622
532,688.108,-8349473.05680644
533,689.394,-8349303.22513653
534,690.674,-8348965.20013306
535,691.946,-8348590.21213300
536,693.218,-8348067.23699007
537,694.497,-8347641.48519970
538,695.786,-8347571.81170136
539,697.097,-8348140.58575689
540,698.381,-8347984.96172062
541,699.665,-8347721.20525760
542,700.947,-8347705.73844731
543,702.230,-8347825.63348902
544,703.519,-8347425.97670931
545,704.796,-8347124.36995831
546,706.063,-8346766.47720684
547,707.373,-8346435.62630249
548,708.640,-8346375.94238051
549,709.918,-8346069.76839342
550,711.169,-8345652.24660361
551,712.442,-8345523.93099474
552,713.727,-8345369.63697389
553,715.030,-8345214.38891699
554,716.289,-8344849.02191527
555,717.612,-8344536.60401332
556,718.875,-8344169.27917207
557,720.154,-8344101.37064248
558,721.428,-8344001.15003760
559,722.720,-8343666.48217190
560,723.996,-8343294.55147517
561,725.277,-8342986.76249168
562,726.564,-8342707.26525117
563,727.836,-8342341.09122218
564,729.086,-8342882.18562075
565,730.346,-8342670.93351187
566,731.636,-8342589.52206358
567,732.913,-8342552.63571964
568,734.184,-8342411.42363921
569,735.473,-8342146.67736834
570,736.757,-8342988.91843277
571,738.011,-8342780.35522101
572,739.294,-8342984.10591277
573,740.596,-8342846.33953714
574,741.856,-8342831.88566881
575,743.109,-8342553.28713400
576,744.386,-8342394.07147422
577,745.664,-8342249.70975306
578,746.923,-8341987.06143716
579,748.202,-8342110.89761554
580,749.473,-8341821.63127312
581,750.770,-8341634.24267925
582,752.042,-8341488.09228965
583,753.295,-8341110.07850706
584,754.589,-8341075.51991758
585,755.870,-8340951.10092912
586,757.137,-8340706.66622526
587,758.421,-8340368.91003764
588,759.696,-8340120.46997409
589,760.974,-8339906.52819397
590,762.260,-8339673.42903584
591,763.528,-8339308.60079874
592,764.808,-8338946.08796824
593,766.097,-8339154.88748332
594,767.375,-8338961.13821704
595,768.653,-8338781.86892667
596,769.914,-8338506.86192067
597,771.217,-8338249.88472808
598,772.487,-8337747.41392153
599,773.761,-8337369.34373400
600,775.048,-8337332.96040349
601,776.314,-8337230.90301983
602,777.595,-8337510.71940384
603,778.861,-8337264.99083975
604,780.145,-8337095.24346570
605,781.439,-8336866.24828392
606,782.705,-8336629.98369870
607,783.980,-8336756.24212523
608,785.243,-8336517.99836497
609,786.529,-8336308.38440444
610,787.785,-8336002.30017611
611,789.022,-8335775.26756883
612,790.313,-8335553.49191390
613,791.598,-8335503.72634854
614,792.864,-8335440.72971615
615,794.131,-8335475.13049228
616,795.397,-8335150.81629197
617,796.686,-8334771.79841519
618,797.962,-8334536.43347097
619,799.262,-8334465.35812638
620,800.509,-8334400.38283024
621,801.793,-8334188.67194690
622,803.101,-8334223.87299639
623,804.382,-8333932.47255606
624,805.654,-8333852.86196583
625,806.943,-8333705.22192565
626,808.224,-8333414.03696246
627,809.489,-8333143.47908079
628,810.776,-8333578.30232444
629,812.059,-8333205.14736721
630,813.335,-8332996.46807525
631,814.603,-8333346.03041407
632,815.877,-8333119.27915265
633,817.165,-8333279.24766660
634,818.437,-8333008.00720326
635,819.718,-8332909.98109180
636,820.948,-8332775.56252974
637,822.223,-8332552.45727500
638,823.477,-8332383.43149006
639,824.772,-8332256.73961473
640,826.051,-8332609.73482800
641,827.343,-8332405.95097128
642,828.627,-8332124.38880016
643,829.869,-8331839.86387214
644,831.124,-8331546.93348543
645,832.410,-8331560.76409744
646,833.654,-8331622.52785895
647,834.910,-8331314.75928123
648,836.163,-8331219.02222411
649,837.438,-8330911.27190297
650,838.671,-8330748.63035119
651,839.937,-8330786.09663440
652,841.218,-8330670.11619640
653,842.517,-8330266.01525683
654,843.779,-8330320.10371214
655,845.048,-8329927.87005052
656,846.319,-8329911.07403811
657,847.608,-8329944.05455953
658,848.891,-8330001.67609354
659,850.209,-8329879.51535654
660,851.457,-8329642.80675598
661,852.739,-8329524.07416928
662,854.009,-8329320.46479103
663,855.285,-8329177.42460681
664,856.530,-8329452.62112915
665,857.796,-8329205.13410614
666,859.082,-8329032.08182070
667,860.316,-8328844.87982474
668,861.601,-8328616.60167431
669,862.902,-8328757.30868671
670,864.159,-8328545.52119958
671,865.405,-8328357.41623242
672,866.672,-8328044.04250374
673,868.310,-8327863.91878102
674,869.531,-8327622.44490212
675,870.809,-8327591.55156121
676,872.082,-8327549.77596332
677,873.356,-8327561.75985614
678,874.635,-8327267.75239361
679,875.904,-8326955.02695738
680,877.180,-8326740.77990051
681,878.463,-8326664.13676000
682,879.737,-8326571.36805275
683,881.014,-8326394.66219098
684,882.272,-8326494.52908130
685,883.565,-8326211.29460727
686,884.829,-8326114.56678886
687,886.102,-8325966.66273298
688,887.343,-8325778.13862962
689,888.622,-8325558.63318375
690,889.902,-8325950.28106415
691,891.139,-8325635.76951714
692,892.400,-8325447.24737217
693,893.704,-8325800.45418298
694,894.977,-8325620.21658242
695,896.257,-8325721.78616656
696,897.525,-8325558.90504178
697,898.826,-8325456.88073388
698,900.052,-8325367.08972059
699,901.328,-8325179.12966001
700,902.596,-8325030.37444268
701,903.904,-8325254.28944583
702,905.169,-8325209.76843034
703,906.465,-8325385.04485799
704,907.749,-8325176.15840098
705,909.037,-8325158.13398827
706,910.307,-8325294.37584828
707,911.586,-8325352.93209750
708,912.837,-8325083.37085969
709,914.127,-8324871.75925246
710,915.417,-8324833.38040143
711,916.698,-8324902.70049562
712,917.961,-8324970.41757510
713,919.243,-8324762.24269519
714,920.513,-8324565.80702049
715,921.768,-8324599.36210927
716,923.045,-8324401.06546779
717,924.332,-8324187.16406948
718,925.605,-8324067.00199004
719,926.865,-8324192.83117044
720,928.109,-8323934.37253685
721,929.388,-8323876.79819303
722,930.643,-8323627.44413986
723,931.876,-8323361.38937203
724,933.148,-8323177.50495167
725,934.417,-8323158.31253353
726,935.675,-8322797.54386511
727,936.949,-8323485.12077722
728,938.234,-8323488.33268888
729,939.514,-8323410.16173635
730,940.744,-8323251.48953574
731,942.013,-8322824.15276354
732,943.289,-8322783.98227571
733,944.558,-8322517.57656492
734,945.829,-8322987.93963635
735,947.123,-8322931.89432304
736,948.413,-8323101.03800968
737,949.690,-8322891.00747167
738,950.968,-8322801.69083766
739,952.245,-8322868.76951080
740,953.515,-8322652.84763132
741,954.796,-8322370.29484537
742,956.088,-8322081.28828304
743,957.367,-8322071.37672523
744,958.634,-8321660.54826240
745,959.919,-8321475.04360947
746,961.173,-8321307.85320551
747,962.429,-8321156.20506002
748,964.090,-8320967.30050907
749,965.382,-8320798.44856010
750,966.635,-8320507.87445874
751,967.902,-8320329.77142253
752,969.185,-8320034.15314526
753,970.468,-8319875.72306098
754,971.742,-8319683.37278435
755,973.021,-8319549.65797082
756,974.295,-8319534.34014598
757,975.575,-8319253.04308960
758,976.811,-8318973.29457524
759,978.092,-8319337.27349741
760,979.354,-8319132.80733617
761,980.690,-8318847.25652248
762,981.969,-8318607.12827288
763,983.253,-8318812.58306921
764,984.529,-8318743.05999940
765,985.843,-8318961.06149279
766,987.106,-8318687.48595941
767,988.371,-8318745.68622534
768,989.636,-8318907.15308457
769,990.924,-8318998.14555514
770,992.201,-8318715.86856519
771,993.472,-8318509.81626069
772,994.744,-8318422.88642865
773,996.029,-8318573.91413551
774,997.295,-8318609.39070034
775,998.569,-8318434.80052136
776,999.845,-8318271.05162784
777,1001.146,-8318311.90040076
778,1002.397,-8318145.18460071
779,1003.669,-8317961.44879560
780,1004.976,-8317801.29224683
781,1006.266,-8317866.14726282
782,1007.533,-8317693.84550795
783,1008.802,-8317659.07623437
784,1010.079,-8317412.86267365
785,1011.351,-8317128.60387205
786,1012.623,-8317023.75639354
787,1013.889,-8317011.84961887
788,1015.169,-8316654.56494813
789,1016.478,-8317286.58665870
790,1017.751,-8317335.08676627
791,1019.029,-8317271.37139092
792,1020.313,-8317133.52238274
793,1021.586,-8316742.53819829
794,1022.857,-8316677.46213574
795,1024.133,-8316461.54664495
796,1025.392,-8316960.07015401
797,1026.676,-8316891.07746267
798,1027.956,-8317129.22105959
799,1029.250,-8316932.70674603
800,1030.511,-8316818.59358551
801,1031.795,-8316697.40370576
802,1033.078,-8316610.02434963
803,1034.315,-8316749.92930831
804,1035.595,-8317100.67157173
805,1037.283,-8317851.19724588
806,1038.555,-8317661.57410144
807,1039.811,-8317675.67691677
808,1041.103,-8317595.78474206
809,1042.379,-8317777.73057534
810,1043.607,-8317729.67462596
811,1044.886,-8317681.14749319
812,1046.144,-8317632.52827124
813,1047.436,-8317369.38038447
814,1048.691,-8317365.23143969
815,1049.973,-8317228.70784090
816,1051.248,-8317071.78940499
817,1052.533,-8317072.87205619
818,1053.818,-8317134.28443945
819,1055.095,-8316971.08814224
820,1056.345,-8316679.02223550
821,1057.626,-8316595.77836054
822,1058.898,-8316472.33975611
823,1060.170,-8316278.04803059
824,1061.426,-8316328.92437726
825,1062.707,-8316175.50546735
826,1063.991,-8316285.83524793
827,1065.266,-8316197.40023086
828,1066.532,-8315950.42148434
829,1067.810,-8315692.71046542
830,1069.097,-8315370.32071388
831,1070.374,-8315159.33498296
832,1071.644,-8315100.37521242
833,1072.941,-8315055.69753618
834,1074.209,-8314760.19724558
835,1075.499,-8314674.87299778
836,1076.760,-8314708.23198031
837,1078.054,-8314280.36732566
838,1079.367,-8314285.81860202
839,1080.650,-8314158.75874847
840,1081.950,-8313907.27348151
841,1083.240,-8313607.98779191
842,1084.517,-8313359.77052849
843,1085.777,-8313061.33351304
844,1087.054,-8312819.22370977
845,1088.340,-8312780.28497003
846,1089.609,-8312781.48083667
847,1090.865,-8312643.93407914
848,1092.143,-8312587.28957232
849,1093.435,-8312283.66572311
850,1094.686,-8311986.65791319
851,1095.954,-8311861.17580806
852,1097.222,-8311689.57455132
853,1098.516,-8311706.97818184
854,1099.788,-8311583.79699682
855,1101.094,-8311712.78454465
856,1102.352,-8311762.96161857
857,1103.631,-8311736.44919665
858,1104.937,-8311760.68238561
859,1106.183,-8311657.99906250
860,1107.455,-8311700.83598541
861,1108.758,-8311564.84092734
862,1110.037,-8311374.43544033
863,1111.309,-8311267.85391797
864,1112.961,-8311195.19178729
865,1114.256,-8311267.86887620
866,1115.562,-8311669.37312475
867,1116.801,-8312377.60720711
868,1118.081,-8312198.48143538
869,1119.369,-8312272.50423316
870,1120.645,-8312145.59026550
871,1121.934,-8312347.15286459
872,1123.207,-8312250.27166607
873,1124.479,-8312206.43772217
874,1125.721,-8312192.31028845
875,1127.000,-8311992.21322127
876,1128.264,-8311930.07700071
877,1129.539,-8311848.29526303
878,1130.796,-8311677.68654443
879,1132.057,-8311674.35164082
880,1133.314,-8311737.27795135
881,1134.591,-8311606.36795927
882,1135.907,-8311310.70619792
883,1137.160,-8311244.88694996
884,1138.438,-8311150.71134619
885,1139.717,-8310972.29074794
886,1140.971,-8310963.12249369
887,1142.237,-8310815.78930172
888,1143.502,-8310959.60627571
889,1144.785,-8310849.17721494
890,1146.031,-8310642.75636431
891,1147.303,-8310424.63358528
892,1148.561,-8310138.01895035
893,1149.840,-8309934.42766638
894,1151.114,-8309878.55082596
895,1152.378,-8309845.50598078
896,1153.667,-8309558.82931904
897,1154.959,-8309484.27829556
898,1156.213,-8309496.17544264
899,1157.499,-8309190.99700409
900,1158.748,-8309168.36040876
901,1160.024,-8308982.51973672
902,1161.307,-8308993.08238263
903,1162.595,-8309068.74208469
904,1163.862,-8309191.04542659
905,1165.133,-8309058.28303553
906,1166.434,-8308911.12815072
907,1167.689,-8308791.90548643
908,1168.956,-8308878.90363901
909,1170.239,-8308907.02094303
910,1171.519,-8308723.56403364
911,1172.781,-8308447.55586924
912,1174.050,-8308357.39183550
913,1175.353,-8308341.04699495
914,1176.624,-8308101.50343104
915,1177.905,-8308085.67033969
916,1179.173,-8308149.54907368
917,1180.496,-8308483.24346983
918,1181.756,-8308422.68432371
919,1183.013,-8308443.92867758
920,1184.285,-8308276.79171439
921,1185.564,-8308155.41359878
922,1186.835,-8307981.11337070
923,1188.095,-8308092.39099240
924,1189.384,-8308273.98032532
925,1190.671,-8308064.55207418
926,1191.906,-8308085.38994048
927,1193.175,-8307925.27510250
928,1194.445,-8307748.74202410
929,1195.745,-8307706.25769901
930,1197.067,-8308033.24253753
931,1198.358,-8308032.33271718
932,1199.625,-8307997.99744568
933,1200.912,-8308059.50965502
934,1202.195,-8307965.17398400
935,1203.466,-8307691.40619934
936,1204.716,-8307616.08379330
937,1206.003,-8307587.44736211
938,1207.297,-8307875.57336627
939,1208.534,-8307836.75581309
940,1209.789,-8307662.85500105
941,1211.063,-8307447.26505710
942,1212.334,-8307723.03553862
943,1213.586,-8307527.04987350
944,1214.860,-8307489.28319628
945,1216.159,-8307381.63787560
946,1217.397,-8307275.53141774
947,1218.647,-8307010.15278488
948,1219.915,-8306772.84061357
949,1221.214,-8306595.97108503
950,1222.463,-8306391.05383004
951,1223.728,-8306256.90856183
952,1225.003,-8306018.60001411
953,1226.289,-8305852.94045016
954,1227.564,-8305727.55425637
955,1228.830,-8305673.39237564
956,1230.094,-8305733.74591219
957,1231.377,-8305569.70702867
958,1232.647,-8305323.05012778
959,1233.906,-8305243.51724860
960,1235.179,-8305007.13635058
961,1236.473,-8304819.35697790
962,1237.752,-8304774.55880528
963,1239.024,-8304581.63825773
964,1240.305,-8304627.45115896
965,1241.587,-8304626.26879810
966,1242.842,-8304795.36961980
967,1244.107,-8304664.68760413
968,1245.385,-8304512.52989321
969,1246.673,-8304439.56131643
970,1247.929,-8304499.73685129
971,1249.213,-8304502.49957119
972,1250.471,-8304364.81594916
973,1251.756,-8304084.66990614
974,1253.036,-8304009.10890188
975,1254.310,-8303961.65807746
976,1255.579,-8303768.18006413
977,1256.859,-8303717.01726696
978,1258.144,-8303806.95137301
979,1259.404,-8304096.18233092
980,1260.681,-8304044.91283903
981,1262.015,-8304090.79579358
982,1263.301,-8303981.00243282
983,1264.574,-8303832.18868006
984,1265.851,-8303711.42930123
985,1267.166,-8303821.53930930
986,1268.440,-8304007.47375104
987,1269.732,-8303776.01138639
988,1270.991,-8303758.72790243
989,1272.282,-8303666.75615442
990,1273.550,-8303505.85989051
991,1274.825,-8303472.56924485
992,1276.100,-8303791.20371239
993,1277.391,-8303792.53179235
994,1278.661,-8303784.54287202
995,1279.927,-8303807.21306099
996,1281.215,-8303787.50689098
997,1282.506,-8303499.59529727
998,1283.769,-8303433.26090912
999,1285.059,-8303415.56882234
1000,1286.353,-8303750.69426922
1001,1287.645,-8303633.41617549
1002,1288.911,-8303278.87363937
1003,1290.175,-8303283.40106534
1004,1291.429,-8303016.13584704
1005,1292.727,-8303058.58815692
1006,1294.004,-8302851.23133413
1007,1295.277,-8302822.05068292
1008,1296.549,-8302749.29526927
1009,1297.833,-8302713.09865742
1010,1299.111,-8302568.07700161
1011,1300.388,-8302521.52489768
1012,1301.646,-8302536.93737197
1013,1302.919,-8302402.49735339
1014,1304.206,-8302894.87574633
1015,1305.471,-8302839.42850329
1016,1306.746,-8302721.77316010
1017,1308.031,-8302848.17242960
1018,1309.297,-8303084.75045773
1019,1310.570,-8302981.02279918
1020,1311.827,-8302872.35527499
1021,1313.107,-8302852.35153639
1022,1314.387,-8302673.95718981
1023,1315.632,-8302503.94945610
1024,1316.904,-8302437.94829602
1025,1318.191,-8302282.11123359
1026,1319.457,-8302267.62680357
1027,1320.722,-8302047.99038351
1028,1321.998,-8301914.64832753
1029,1323.283,-8301978.49821777
1030,1324.529,-8301865.17193510
1031,1325.802,-8301638.26232204
1032,1327.079,-8301385.69708843
1033,1328.366,-8301365.14055964
1034,1329.696,-8301426.05147588
1035,1330.970,-8301170.00585095
1036,1332.228,-8301045.79944411
1037,1333.520,-8301083.01220638
1038,1334.782,-8301043.40968819
1039,1336.087,-8301076.22269823
1040,1337.353,-8301081.04650408
1041,1338.632,-8301056.74005637
1042,1339.902,-8300968.86171107
1043,1341.152,-8300947.75760422
1044,1342.432,-8301214.27495691
1045,1343.714,-8301156.06457449
1046,1344.987,-8301053.32099871
1047,1346.249,-8301222.65662043
1048,1347.536,-8301175.55187556
1049,1348.821,-8301182.45011766
1050,1350.082,-8301109.90729228
1051,1351.398,-8301015.37481929
1052,1352.661,-8300696.91646436
1053,1353.926,-8300461.99325533
1054,1355.209,-8300389.82324873
1055,1356.490,-8300923.22019606
1056,1357.770,-8300797.86146324
1057,1359.070,-8300595.89980615
1058,1360.331,-8300423.60352457
1059,1361.604,-8300461.70631380
1060,1362.853,-8300264.17640195
1061,1364.149,-8300191.42953163
1062,1365.419,-8300076.71765178
1063,1366.699,-8299940.03231126
1064,1367.938,-8299627.83138053
1065,1369.230,-8299620.92771033
1066,1370.506,-8299394.30303884
1067,1371.746,-8299425.11927593
1068,1373.004,-8299247.32757286
1069,1374.277,-8299215.15530374
1070,1375.555,-8299173.44514481
1071,1376.826,-8299131.81037464
1072,1378.105,-8298966.54586454
1073,1379.398,-8298930.37015260
1074,1380.681,-8298959.31505309
1075,1382.323,-8298807.78514178
1076,1383.616,-8299220.34640316
1077,1384.902,-8299193.95001394
1078,1386.171,-8299148.14852929
1079,1387.452,-8299235.75226060
1080,1388.778,-8299460.72544483
1081,1390.087,-8299359.23710300
1082,1391.349,-8299220.68969397
1083,1392.639,-8299267.23404464
1084,1393.901,-8299089.98585986
1085,1395.210,-8298926.03809283
1086,1396.481,-8298842.57559627
1087,1397.780,-8298724.60232028
1088,1399.069,-8298733.38117478
1089,1400.337,-8298524.76413982
1090,1401.626,-8298407.05480617
1091,1402.865,-8298410.78880286
1092,1404.131,-8298353.75692693
1093,1405.412,-8298108.88275232
1094,1406.681,-8297910.54422760
1095,1407.907,-8297886.69635181
1096,1409.198,-8297964.87576470
1097,1410.481,-8297681.94567100
1098,1411.730,-8297601.76445531
1099,1413.007,-8297661.38895668
1100,1414.274,-8297633.18763871
1101,1415.541,-8297693.43861056
1102,1416.779,-8297835.50676502
1103,1418.062,-8297699.73952613
1104,1419.341,-8297662.65761383
1105,1420.624,-8297751.79785744
1106,1421.902,-8298247.34113743
1107,1423.191,-8298287.19780602
1108,1424.459,-8298115.53933360
1109,1425.749,-8297999.69387621
1110,1427.040,-8297865.74773108
1111,1428.311,-8297861.79027457
1112,1429.541,-8297774.71541445
1113,1430.828,-8297684.07279010
1114,1432.095,-8297863.00102146
1115,1433.417,-8297633.17732275
1116,1434.690,-8297502.64358660
1117,1436.310,-8297461.81284609
1118,1437.573,-8297458.86565542
1119,1438.814,-8297684.23470674
1120,1440.099,-8297622.05956781
1121,1441.398,-8297556.00024039
1122,1442.667,-8297573.58342973
1123,1443.947,-8297502.63296078
1124,1445.212,-8297845.87594196
1125,1446.491,-8297670.59280269
1126,1447.765,-8297630.56395186
1127,1449.039,-8297634.28336298
1128,1450.307,-8297407.77507502
1129,1451.596,-8297229.21282028
1130,1452.881,-8297292.70414446
1131,1454.135,-8297101.08766481
1132,1455.420,-8297021.40927390
1133,1456.702,-8297090.31381616
1134,1457.949,-8297001.21940694
1135,1459.201,-8296875.27630422
1136,1460.475,-8296684.40226782
1137,1461.748,-8296548.69422754
1138,1463.015,-8296536.50674316
1139,1464.284,-8296666.92211512
1140,1465.572,-8296569.59105596
1141,1466.862,-8296353.07292762
1142,1468.114,-8296163.36125185
1143,1469.399,-8296101.10055636
1144,1470.692,-8296051.89984763
1145,1471.985,-8295770.27037391
1146,1473.275,-8295624.67826807
1147,1474.586,-8295580.06790384
1148,1475.851,-8295680.43027694
1149,1477.136,-8295584.17907972
1150,1478.401,-8295847.05708318
1151,1479.685,-8295690.94829815
1152,1480.932,-8295494.76386305
1153,1482.206,-8295440.28273704
1154,1483.476,-8295310.31744016
1155,1484.741,-8295191.87474064
1156,1486.008,-8295003.60080767
1157,1487.289,-8295089.42239528
1158,1488.549,-8295026.41112906
1159,1489.809,-8294925.52034773
1160,1491.089,-8294853.16905485
1161,1492.379,-8294887.77107960
1162,1493.626,-8294626.87703703
1163,1494.888,-8294693.21545439
1164,1496.166,-8294835.57945972
1165,1497.438,-8294710.16966545
1166,1498.715,-8294633.09182280
1167,1499.995,-8294723.65055596
1168,1501.248,-8295212.63945525
1169,1502.532,-8295260.39103075
1170,1503.798,-8295101.55743716
1171,1505.028,-8294993.60980512
1172,1506.294,-8294848.10402027
1173,1507.589,-8294861.35060507
1174,1508.860,-8294771.90802815
1175,1510.092,-8294682.45580998
1176,1511.733,-8294814.36613198
1177,1513.017,-8294634.50342974
1178,1514.290,-8294511.79915599
1179,1515.555,-8294479.26203731
1180,1516.823,-8294506.88413189
1181,1518.107,-8294714.91505799
1182,1519.339,-8294670.32421482
1183,1520.620,-8294645.19496271
1184,1521.931,-8294659.64326271
1185,1523.208,-8294559.93770241
1186,1524.479,-8294901.95123129
1187,1525.737,-8294768.77295251
1188,1527.008,-8294708.86551444
1189,1528.284,-8294642.33112751
1190,1529.615,-8294467.78047947
1191,1530.889,-8294355.12395690
1192,1532.129,-8294418.42107206
1193,1533.398,-8294199.71969533
1194,1534.671,-8294167.64729855
1195,1535.940,-8294157.03816901
1196,1537.233,-8294133.43456264
1197,1538.515,-8294029.61129891
1198,1539.810,-8293838.99746831
1199,1541.039,-8293715.53530004
1200,1542.342,-8293703.98478829
1201,1543.640,-8293544.83308778
1202,1544.916,-8293636.42840096
1203,1546.195,-8293590.34267136
1204,1547.491,-8293482.95764067
1205,1548.760,-8293339.44276499
1206,1550.035,-8293486.24390445
1207,1551.344,-8293555.04989748
1208,1552.710,-8293343.02544220
1209,1553.987,-8293325.84923731
1210,1555.244,-8293170.03941504
1211,1556.499,-8293206.80382709
1212,1557.772,-8293133.24135729
1213,1559.059,-8293110.12644594
1214,1560.346,-8293016.73610260
1215,1561.624,-8292930.43767017
1216,1562.876,-8292880.41162275
1217,1564.178,-8293037.97234156
1218,1565.438,-8293079.57864219
1219,1566.724,-8292949.92379226
1220,1567.972,-8292745.15146774
1221,1569.260,-8292977.06662810
1222,1570.578,-8292848.37070193
1223,1571.817,-8292668.93962759
1224,1573.103,-8292772.25600507
1225,1574.398,-8292754.48068474
1226,1575.686,-8292729.75335199
1227,1576.929,-8292620.84405355
1228,1578.223,-8292503.16920117
1229,1579.513,-8292429.42078992
1230,1580.752,-8292493.86086097
1231,1582.010,-8292638.92284378
1232,1583.298,-8292513.61399360
1233,1584.573,-8292535.25772204
1234,1585.841,-8292596.92131945
1235,1587.144,-8292739.23216947
1236,1588.419,-8292794.85035479
1237,1589.694,-8293012.36153074
1238,1590.978,-8293157.70083763
1239,1592.245,-8293015.22440685
1240,1593.509,-8293027.66543053
1241,1594.830,-8292925.66319924
1242,1596.560,-8292794.84220827
1243,1597.812,-8292633.12512191
1244,1599.078,-8292742.97077969
1245,1600.360,-8292530.61180543
1246,1601.613,-8292500.19256022
1247,1602.895,-8292451.76091864
1248,1604.194,-8292180.71244309
1249,1605.481,-8292171.41555210
1250,1606.747,-8291970.88567854
1251,1607.993,-8291743.06465483
1252,1609.265,-8291598.97798303
1253,1610.555,-8291491.23646705
1254,1611.884,-8291436.05377315
1255,1613.154,-8291239.09076462
1256,1614.440,-8291196.48131075
1257,1615.724,-8291057.13264401
1258,1616.962,-8290960.88700644
1259,1618.260,-8291271.26500941
1260,1619.558,-8291503.78440910
1261,1620.828,-8291250.89407347
1262,1622.105,-8291120.09885125
1263,1623.366,-8290917.94773829
1264,1624.629,-8291054.55893818
1265,1625.907,-8290982.12407054
1266,1627.217,-8290852.70840062
1267,1628.487,-8290765.64928754
1268,1629.762,-8290886.37929962
1269,1631.047,-8290928.42774087
1270,1632.312,-8290766.92172768
1271,1633.574,-8290710.04355934
1272,1634.836,-8290588.78296243
1273,1636.121,-8290640.09556368
1274,1637.398,-8290531.03390585
1275,1638.651,-8290484.41148838
1276,1639.925,-8290428.78863513
1277,1641.211,-8290359.07447418
1278,1642.469,-8290289.01007629
1279,1643.764,-8290448.67108991
1280,1645.025,-8290508.40893403
1281,1646.294,-8290390.02404935
1282,1647.562,-8290186.64420395
1283,1648.810,-8290386.80578904
1284,1650.073,-8290277.57906226
1285,1651.338,-8290114.79486716
1286,1652.620,-8290252.39802414
1287,1653.849,-8290244.19961277
1288,1655.120,-8290189.76136857
1289,1656.397,-8290044.53796849
1290,1657.637,-8289974.60067315
1291,1658.905,-8289868.97563805
1292,1660.189,-8289964.62617321
1293,1661.475,-8290111.23457935
1294,1662.734,-8289976.96485753
1295,1664.045,-8289989.02604905
1296,1665.323,-8290081.02358750
1297,1666.621,-8290267.69787214
1298,1667.897,-8290298.78950540
1299,1669.174,-8290482.27563106
1300,1670.416,-8290669.75950178
1301,1671.750,-8290777.60134618
1302,1673.015,-8290752.86676799
1303,1674.250,-8290711.11423613
1304,1675.493,-8290595.60049161
1305,1676.781,-8290445.24216142
1306,1678.064,-8290448.76527191
1307,1679.702,-8290253.54199854
1308,1680.989,-8290340.60638358
1309,1682.280,-8290574.11985198
1310,1683.506,-8290699.24775320
1311,1684.774,-8290619.63152850
1312,1686.058,-8290505.27403837
1313,1687.344,-8290680.35721157
1314,1688.580,-8290740.97819143
1315,1689.853,-8290871.09843476
1316,1691.139,-8290749.01618646
1317,1692.417,-8290774.58270167
1318,1693.706,-8290585.91360070
1319,1694.985,-8290481.36087800
1320,1696.241,-8290274.91960151
1321,1697.526,-8290430.90706191
1322,1698.803,-8290415.83728958
1323,1700.064,-8290219.53222326
1324,1701.307,-8290179.42857982
1325,1702.585,-8290023.97167383
1326,1703.851,-8289947.08492376
1327,1705.087,-8289820.07907195
1328,1706.360,-8290166.95714994
1329,1707.655,-8289997.02209202
1330,1708.906,-8289927.90470694
1331,1710.153,-8289895.75744549
1332,1711.436,-8289735.92074084
1333,1712.721,-8289778.95704120
1334,1713.957,-8289635.15017002
1335,1715.219,-8289398.31608660
1336,1716.490,-8289399.57704520
1337,1717.770,-8289310.75964388
1338,1719.046,-8289357.95420938
1339,1720.314,-8289178.16275920
1340,1721.590,-8288903.79950772
1341,1722.878,-8288772.81255870
1342,1724.142,-8288636.75054653
1343,1725.431,-8288608.51278694
1344,1726.693,-8288417.13261353
1345,1727.963,-8288319.76946305
1346,1729.240,-8288439.32303236
1347,1730.510,-8288920.93546392
1348,1731.778,-8288878.49744917
1349,1733.058,-8288666.93365238
1350,1734.346,-8288621.59186112
1351,1735.620,-8288568.34536917
1352,1736.896,-8288585.83234122
1353,1738.208,-8288801.37459022
1354,1739.459,-8288757.50432478
1355,1740.699,-8288564.80938871
1356,1741.970,-8288534.34559436
1357,1743.265,-8288688.38221343
1358,1744.520,-8288476.49770103
1359,1745.827,-8288330.98239930
1360,1747.104,-8288382.54953294
1361,1748.398,-8288466.07639582
1362,1749.654,-8288308.40284419
1363,1751.291,-8288407.80454175
1364,1752.549,-8288405.86452089
1365,1753.845,-8288344.82300294
1366,1755.114,-8288253.27091247
1367,1756.397,-8288080.65542345
1368,1757.647,-8288098.49851306
1369,1758.919,-8287905.81057919
1370,1760.190,-8288000.49599617
1371,1761.435,-8288155.26186250
1372,1762.706,-8288229.27640301
1373,1763.992,-8288214.24085490
1374,1765.252,-8288148.33653075
1375,1766.516,-8288296.18179153
1376,1767.804,-8288361.05216416
1377,1769.094,-8288488.39621308
1378,1770.335,-8288366.79950161
1379,1771.652,-8288411.81246294
1380,1772.925,-8288250.29276531
1381,1774.215,-8288141.06186224
1382,1775.461,-8287967.56199516
1383,1776.725,-8288078.46833052
1384,1777.995,-8288102.11523665
1385,1779.283,-8287911.13367239
1386,1780.557,-8287890.44953793
1387,1781.841,-8287724.35328155
1388,1783.086,-8287664.12981924
1389,1784.374,-8287546.38572887
1390,1785.666,-8287868.28536345
1391,1786.933,-8287744.42785609
1392,1788.201,-8287652.99355688
1393,1789.597,-8287609.93232814
1394,1790.844,-8287462.22159006
1395,1792.096,-8287504.99215701
1396,1793.377,-8287363.57985119
1397,1794.661,-8287182.85321523
1398,1795.939,-8287174.48564835
1399,1797.225,-8287055.10292269
1400,1798.505,-8287159.93694986
1401,1799.777,-8287123.16193853
1402,1801.026,-8287456.97751542
1403,1802.284,-8287360.05030151
1404,1803.548,-8287464.95960373
1405,1804.905,-8287477.60897482
1406,1806.202,-8287401.41919629
1407,1807.475,-8287356.11252998
1408,1808.735,-8287590.24667985
1409,1810.016,-8287535.99021215
1410,1811.305,-8287418.58032646
1411,1812.539,-8287329.37970470
1412,1813.815,-8287367.09229350
1413,1815.106,-8287375.78913622
1414,1816.368,-8287198.87753381
1415,1817.647,-8287214.51735304
1416,1818.911,-8287709.51620257
1417,1820.211,-8287616.99939107
1418,1821.463,-8287803.73085646
1419,1822.731,-8287601.32051521
1420,1823.996,-8287505.74730096
1421,1825.283,-8287533.07258916
1422,1826.575,-8287442.70054154
1423,1827.852,-8287301.89275340
1424,1829.126,-8287197.76133830
1425,1830.414,-8287358.82256287
1426,1831.680,-8287260.28922084
1427,1832.970,-8287179.17374356
1428,1834.247,-8287120.22982785
1429,1835.539,-8287013.39843605
1430,1836.871,-8287181.38326349
1431,1838.519,-8287107.92828655
1432,1839.793,-8286995.71066207
1433,1841.085,-8286914.26230761
1434,1842.368,-8286769.29735351
1435,1843.641,-8286701.67281609
1436,1844.916,-8286708.72446864
1437,1846.200,-8286510.24565688
1438,1847.452,-8286392.13054463
1439,1848.744,-8286473.86427309
1440,1850.003,-8286361.89553593
1441,1851.300,-8286539.95535963
1442,1852.577,-8286411.57343806
1443,1853.843,-8286243.71642344
1444,1855.125,-8286413.41406224
1445,1856.402,-8286405.64144609
1446,1857.680,-8286341.72151704
1447,1858.975,-8286607.61987061
1448,1860.239,-8286499.93704667
1449,1861.529,-8286344.19419117
1450,1862.762,-8286251.16812912
1451,1863.985,-8286023.28155110
1452,1865.259,-8285901.10566322
1453,1866.536,-8285852.31891349
1454,1867.821,-8286264.17941633
1455,1869.083,-8286036.20014297
1456,1870.345,-8285820.39561571
1457,1871.636,-8285697.14626407
1458,1872.863,-8285481.53765834
1459,1874.135,-8285411.80322353
1460,1875.409,-8285345.64953466
1461,1876.700,-8285211.37569534
1462,1877.986,-8285116.89274468
1463,1879.255,-8285044.74772144
1464,1880.527,-8285394.37816307
1465,1881.813,-8285291.70482775
1466,1883.096,-8285404.25123088
1467,1884.367,-8285420.66502885
1468,1885.655,-8285337.01715515
1469,1886.940,-8285292.42337168
1470,1888.212,-8285535.78459018
1471,1889.452,-8285432.35008646
1472,1890.732,-8285356.34972460
1473,1892.010,-8285255.42166414
1474,1893.257,-8285292.17360756
1475,1894.505,-8285306.29845238
1476,1895.767,-8285181.36728449
1477,1897.053,-8285160.30948386
1478,1898.299,-8285659.25527884
1479,1899.574,-8285573.80141795
1480,1900.866,-8285746.64142086
1481,1902.149,-8285552.87546248
1482,1903.425,-8285481.43392291
1483,1904.695,-8285506.34860781
1484,1905.962,-8285405.96449339
1485,1907.255,-8285291.49541226
1486,1908.529,-8285152.07958616
1487,1909.807,-8285312.25257027
1488,1911.055,-8285250.54891642
1489,1912.354,-8285177.17047885
1490,1913.641,-8285086.20208149
1491,1914.916,-8284999.88641674
1492,1916.196,-8285175.19275027
1493,1917.487,-8285081.61094020
1494,1918.789,-8284987.97090184
1495,1920.078,-8284926.49610083
1496,1921.352,-8284771.26999217
1497,1922.641,-8284689.33130919
1498,1923.931,-8284692.25700748
1499,1925.183,-8284534.47167762
1500,1926.485,-8284433.63598365
1501,1927.778,-8284522.34788132
1502,1929.011,-8284550.71058461
1503,1930.290,-8284676.04860816
1504,1931.584,-8284637.74348315
1505,1932.860,-8284682.06203091
1506,1934.126,-8284698.97602847
1507,1935.413,-8284847.29929338
1508,1936.686,-8284782.05698228
1509,1937.972,-8284820.17226547
1510,1939.238,-8284831.15577301
1511,1940.513,-8285077.32485516
1512,1941.789,-8285088.26932165
1513,1943.076,-8285029.60751803
1514,1944.344,-8284934.05629920
1515,1945.650,-8284854.30179323
1516,1946.944,-8284871.95259891
1517,1948.215,-8284872.57490369
1518,1949.488,-8284764.14647836
1519,1950.762,-8284677.84334063
1520,1952.045,-8284718.60366081
1521,1953.338,-8285033.91556301
1522,1954.602,-8284940.02454733
1523,1955.872,-8284873.44894522
1524,1957.167,-8284869.64335305
1525,1958.442,-8284716.94934241
1526,1959.728,-8284906.37042406
1527,1961.016,-8284830.32879877
1528,1962.279,-8284804.41905723
1529,1963.559,-8284743.43356071
1530,1964.849,-8285110.52799901
1531,1966.115,-8285131.75883634
1532,1967.385,-8285194.72632142
1533,1968.664,-8284965.43694826
1534,1969.928,-8284969.21830901
1535,1971.185,-8284909.49844349
1536,1972.468,-8284879.40596683
1537,1973.743,-8284757.46393307
1538,1975.017,-8284719.51892818
1539,1976.299,-8284822.33437341
1540,1977.588,-8284676.42592091
1541,1978.878,-8284500.91324497
1542,1980.150,-8284356.27836401
1543,1981.415,-8284311.76974265
1544,1982.672,-8284133.09896388
1545,1983.975,-8284070.24309703
1546,1985.262,-8283898.58655274
1547,1986.550,-8283793.46924603
1548,1987.827,-8283816.96325328
1549,1989.106,-8283659.25538854
1550,1990.392,-8283540.64056599
1551,1991.655,-8283427.13344079
1552,1992.911,-8283358.60951973
1553,1994.179,-8283188.08059154
1554,1995.441,-8283045.16100328
1555,1996.691,-8283094.83988887
1556,1997.967,-8282990.33191877
1557,1999.247,-8282869.09915613
1558,2000.512,-8282716.57324001
1559,2001.796,-8282640.28449684
1560,2003.086,-8282610.61180267
1561,2004.382,-8282593.95176296
1562,2006.056,-8282586.48877640
1563,2007.335,-8282703.53952141
1564,2008.608,-8282728.86570471
1565,2009.900,-8282832.26671230
1566,2011.158,-8282802.33579366
1567,2012.448,-8282829.49407497
1568,2013.707,-8282825.79372014
1569,2014.990,-8282998.79720681
1570,2016.266,-8282935.68044249
1571,2017.545,-8282992.21282608
1572,2018.801,-8283004.73329082
1573,2020.123,-8283204.29366806
1574,2021.429,-8283205.58665640
1575,2022.691,-8283120.29115391
1576,2023.982,-8283080.36577870
1577,2025.293,-8282979.06182001
1578,2026.561,-8283001.16100407
1579,2027.818,-8283009.33052137
1580,2029.099,-8282917.52807589
1581,2030.391,-8282851.74911625
1582,2031.640,-8282911.68183418
1583,2032.922,-8283177.63436336
1584,2034.197,-8283084.24064881
1585,2035.493,-8283070.85894749
1586,2036.761,-8283032.97411714
1587,2038.037,-8282881.37742325
1588,2039.307,-8283093.10209765
1589,2040.587,-8283004.51456039
1590,2041.861,-8282971.92566442
1591,2043.119,-8282888.34843003
1592,2044.373,-8283254.72224667
1593,2045.662,-8283292.15672127
1594,2046.947,-8283345.08876503
1595,2048.203,-8283145.40357223
1596,2049.460,-8283146.15046513
1597,2050.752,-8283070.70526042
1598,2052.015,-8283069.09079132
1599,2053.320,-8282957.88026677
1600,2054.591,-8282892.26131788
1601,2055.877,-8282861.80707210
1602,2057.147,-8282852.29859327
1603,2058.434,-8282828.86467629
1604,2059.694,-8282745.77016797
1605,2060.979,-8282712.07069029
1606,2062.255,-8282650.19852250
1607,2063.524,-8282543.10388351
1608,2064.790,-8282553.39781153
1609,2066.091,-8282707.36311952
1610,2067.373,-8282590.38687373
1611,2068.621,-8282696.13962434
1612,2069.898,-8282634.91231420
1613,2071.197,-8282469.64212418
1614,2072.478,-8282429.63629825
1615,2073.743,-8282413.30686151
1616,2075.028,-8282785.58893196
1617,2076.319,-8282790.14266447
1618,2077.562,-8283007.73709925
1619,2078.824,-8282872.78717846
1620,2080.107,-8282871.12469126
1621,2081.391,-8282848.43891987
1622,2082.667,-8282753.18541003
1623,2083.932,-8282738.85963292
1624,2085.604,-8282692.26765453
1625,2086.895,-8282621.29280044
1626,2088.167,-8282494.56942669
1627,2089.440,-8282305.74790609
1628,2090.698,-8282318.61826919
1629,2091.982,-8282267.60210768
1630,2093.264,-8282388.07528238
1631,2094.545,-8282353.41755889
1632,2095.805,-8282294.79737080
1633,2097.097,-8282162.62778755
1634,2098.361,-8282118.47261241
1635,2099.609,-8282132.74344951
1636,2100.881,-8282208.49036669
1637,2102.174,-8282269.02497237
1638,2103.445,-8282121.57586161
1639,2104.691,-8282121.95251601
1640,2105.965,-8282066.41962774
1641,2107.258,-8281927.48383641
1642,2108.516,-8281799.55973605
1643,2109.858,-8281775.42031590
1644,2111.131,-8281716.41032141
1645,2112.428,-8281553.75274509
1646,2113.672,-8281392.82553655
1647,2114.963,-8281268.83133277
1648,2116.230,-8281091.63280702
1649,2117.537,-8281262.99806211
1650,2118.811,-8281162.89663538
1651,2120.108,-8281135.91318730
1652,2121.376,-8281003.30696074
1653,2122.672,-8280931.92463606
1654,2123.938,-8280856.23300488
1655,2125.220,-8280757.31516384
1656,2126.482,-8280848.88751885
1657,2127.753,-8280792.99277068
1658,2129.025,-8280656.39895628
1659,2130.336,-8281138.97597179
1660,2131.614,-8281365.42378628
1661,2132.897,-8281318.47292265
1662,2134.170,-8281226.26337939
1663,2135.452,-8281168.91381393
1664,2136.710,-8281168.48577691
1665,2137.996,-8281159.85182540
1666,2139.271,-8281052.89130061
1667,2140.545,-8281046.16649544
1668,2141.804,-8280998.65285600
1669,2143.092,-8280890.38271837
1670,2144.345,-8280892.12481830
1671,2145.630,-8281061.31661440
1672,2146.906,-8280903.50252171
1673,2148.197,-8281018.45735582
1674,2149.461,-8280986.24986824
1675,2150.758,-8280820.80264978
1676,2152.025,-8280782.06834711
1677,2153.307,-8280765.90391791
1678,2154.579,-8281127.55905312
1679,2155.868,-8281153.16846630
1680,2157.182,-8281334.90977444
1681,2158.464,-8281256.85098349
1682,2159.750,-8281246.65446131
1683,2161.029,-8281180.78786439
1684,2162.678,-8281120.65671197
1685,2163.959,-8281059.55747823
1686,2165.235,-8281057.21531067
1687,2166.511,-8280980.61034727
1688,2167.778,-8280848.69067409
1689,2169.069,-8280697.17700325
1690,2170.337,-8280670.25281977
1691,2171.603,-8280667.01507483
1692,2172.879,-8280782.91924536
1693,2174.163,-8280739.39872696
1694,2175.418,-8280702.39827057
1695,2176.696,-8280582.90178884
1696,2177.978,-8280522.76012945
1697,2179.260,-8280511.45111272
1698,2180.535,-8280597.80088284
1699,2181.800,-8280665.13914144
1700,2183.058,-8280522.55290098
1701,2184.348,-8280493.72565292
1702,2185.629,-8280508.02239763
1703,2186.899,-8280451.33712984
1704,2188.171,-8280929.23480341
1705,2189.450,-8280819.52622803
1706,2190.712,-8280656.77352100
1707,2191.988,-8280646.22979253
1708,2193.253,-8280741.39770373
1709,2194.524,-8280560.66527176
1710,2195.816,-8280468.25239331
1711,2197.080,-8280484.72177357
1712,2200.169,-8280379.91894943
1713,2201.463,-8280225.89695580
1714,2202.720,-8280163.80945614
1715,2204.013,-8280097.05447871
1716,2205.275,-8279970.05808364
1717,2206.568,-8280178.61657953
1718,2207.851,-8280132.23382188
1719,2209.120,-8280092.39610143
1720,2210.400,-8280086.17609944
1721,2211.686,-8280027.48298565
1722,2212.968,-8280082.94074554
1723,2214.285,-8280258.93178923
1724,2215.536,-8280392.04133813
1725,2216.815,-8280513.08592868
1726,2218.079,-8280720.80026279
1727,2219.360,-8280632.05465325
1728,2220.629,-8280647.91804587
1729,2221.927,-8280530.94400653
1730,2223.192,-8280443.57039930
1731,2224.431,-8280352.57452566
1732,2225.701,-8280248.31785635
1733,2226.989,-8280283.19581570
1734,2228.247,-8280121.63069259
1735,2229.521,-8279990.26588240
1736,2230.780,-8279913.85665536
1737,2232.069,-8279882.91617997
1738,2233.360,-8280048.77853408
1739,2234.635,-8279964.90771636
1740,2235.895,-8279797.39074221
1741,2237.175,-8279907.29169339
1742,2238.457,-8279870.48098874
1743,2239.723,-8279828.26926384
1744,2240.996,-8279859.76908984
1745,2242.280,-8279756.01910166
1746,2243.536,-8279736.36077752
1747,2244.783,-8279639.83696028
1748,2246.055,-8279553.92220624
1749,2247.360,-8279410.90311001
1750,2248.638,-8279303.25527484
1751,2249.919,-8279164.92346942
1752,2251.194,-8279199.03192967
1753,2252.475,-8279079.17829165
1754,2253.742,-8279413.09033558
1755,2255.022,-8279387.63076128
1756,2256.254,-8279336.29488428
1757,2257.566,-8279333.31537394
1758,2259.230,-8279326.61180063
1759,2260.503,-8279132.70256165
1760,2261.765,-8279017.11598953
1761,2263.045,-8279025.31652049
1762,2264.350,-8279073.88223368
1763,2265.590,-8279031.65162288
1764,2266.845,-8279031.63517319
1765,2268.124,-8278998.00556420
1766,2269.387,-8279428.23851808
1767,2270.650,-8279340.22053704
1768,2271.911,-8279209.69800720
1769,2273.195,-8279187.93861856
1770,2274.417,-8279234.42862752
1771,2275.688,-8279102.21467216
1772,2276.970,-8279026.68412449
1773,2278.238,-8279019.33057648
1774,2279.494,-8278917.69344742
1775,2280.776,-8278786.33743763
1776,2282.052,-8278696.14060979
1777,2283.328,-8278625.04642282
1778,2284.606,-8278514.31762237
1779,2285.897,-8278755.77273280
1780,2287.166,-8278706.90096662
1781,2288.466,-8278656.16164246
1782,2289.739,-8278660.53971939
1783,2291.015,-8278584.66111409
1784,2292.250,-8278655.56266035
1785,2293.559,-8278832.28544843
1786,2294.797,-8278981.08142351
1787,2296.066,-8279075.98114189
1788,2297.339,-8279256.53371255
1789,2298.622,-8279195.54318366
1790,2299.868,-8279196.11742100
1791,2301.143,-8279131.55782254
1792,2302.426,-8279022.16984533
1793,2303.701,-8278911.58137910
1794,2304.975,-8278798.59502127
1795,2306.267,-8278887.04768706
1796,2307.548,-8278730.71868698
1797,2308.835,-8278567.87674824
1798,2310.110,-8278523.42788507
1799,2311.397,-8278502.82886495
1800,2312.643,-8278642.28119635
1801,2313.926,-8278662.84322158
1802,2315.209,-8278788.26973768
1803,2316.931,-8278806.78376619
1804,2318.210,-8278784.92329413
1805,2319.499,-8278740.05773935
1806,2320.777,-8279111.02282972
1807,2322.054,-8279015.07611903
1808,2323.325,-8278919.69178066
1809,2324.615,-8278983.20357921
1810,2325.891,-8279077.00536856
1811,2327.164,-8279154.01852982
1812,2328.455,-8279150.72658529
1813,2329.730,-8279378.97470902
1814,2330.965,-8279266.40961693
1815,2332.244,-8279170.83055824
1816,2333.515,-8279088.67161714
1817,2334.796,-8279143.03845479
1818,2336.066,-8279164.08431541
1819,2337.343,-8279110.24997133
1820,2338.687,-8278994.60476184
1821,2339.967,-8278862.15714378
1822,2341.236,-8278658.11665027
1823,2342.511,-8278613.12438362
1824,2343.738,-8278590.11046355
1825,2345.055,-8278719.99821933
1826,2346.282,-8278549.88838674
1827,2347.578,-8278599.71038743
1828,2348.834,-8278589.92779521
1829,2350.119,-8278399.55087936
1830,2351.412,-8278487.81282255
1831,2352.649,-8278430.26487597
1832,2353.917,-8278301.81743912
1833,2355.196,-8278302.81610401
1834,2356.533,-8278458.26507365
1835,2357.805,-8278251.32727703
1836,2359.061,-8278310.24080316
1837,2360.350,-8278118.30231081
1838,2361.592,-8278018.51486965
1839,2362.873,-8278068.14384666
1840,2364.124,-8278045.22612534
1841,2365.415,-8278122.95815490
1842,2366.694,-8278488.66111335
1843,2367.971,-8278657.54238122
1844,2369.268,-8278627.57094417
1845,2370.553,-8278446.00497509
1846,2371.813,-8278361.60745037
1847,2373.098,-8278303.48353078
1848,2374.386,-8278199.94150884
1849,2375.670,-8278098.38290959
1850,2376.938,-8278011.24939651
1851,2378.219,-8278063.93250394
1852,2379.504,-8278085.85021804
1853,2380.793,-8278121.80732337
1854,2382.445,-8278004.57380414
1855,2383.720,-8278014.01785629
1856,2384.986,-8277850.78674349
1857,2386.256,-8277798.01369878
1858,2387.513,-8277726.43252314
1859,2388.773,-8277633.61636079
