Iter,Time,LogLik
1,5.520,-36155834.56625183
2,9.000,-35616756.80721008
3,12.314,-35374476.55911217
4,15.389,-35195402.99700470
5,18.376,-35084517.07345405
6,21.335,-34984438.22715726
7,24.319,-34899098.65995920
8,27.209,-34829432.21950330
9,29.989,-34765701.70169267
10,32.793,-34715187.19938108
11,35.534,-34670551.20500818
12,38.245,-34621861.69838323
13,40.945,-34577123.82003769
14,43.624,-34541850.07495733
15,46.244,-34509194.84042113
16,48.893,-34479425.86744794
17,51.563,-34450289.21357282
18,54.221,-34421013.95505098
19,56.907,-34392326.54123764
20,59.523,-34364116.95658866
21,62.143,-34339455.02403809
22,64.750,-34313539.84083957
23,67.309,-34296612.73483396
24,69.896,-34279050.85558428
25,72.509,-34265473.60881027
26,75.110,-34245450.06847604
27,77.775,-34227499.89687540
28,80.379,-34208050.23312545
29,82.932,-34191551.13931944
30,85.574,-34171554.08774081
31,88.181,-34155629.14412035
32,90.731,-34139102.09924153
33,93.343,-34124251.78620713
34,95.919,-34114587.10566921
35,98.469,-34099135.95960645
36,101.089,-34084673.96028931
37,103.642,-34073084.95031681
38,106.178,-34058847.76877435
39,108.773,-34044298.56897251
40,111.356,-34032205.00745626
41,113.903,-34019310.01077823
42,116.482,-34006983.65262917
43,119.085,-33996339.95954096
44,121.713,-33985394.64207557
45,124.283,-33975753.47708526
46,126.853,-33964914.81212978
47,129.364,-33954656.99647297
48,131.937,-33944027.01420535
49,134.492,-33935004.63336127
50,137.049,-33925918.72396503
51,139.639,-33914393.59374183
52,142.196,-33906579.60124141
53,144.764,-33897163.49552829
54,147.305,-33886456.32773209
55,149.824,-33875849.33576036
56,152.417,-33867896.42576958
57,155.006,-33859523.14738615
58,157.558,-33851772.07973571
59,160.150,-33845971.45531655
60,162.733,-33837069.59177194
61,165.279,-33829726.58707296
62,167.913,-33821697.95774163
63,170.467,-33814605.22514718
64,173.018,-33806156.35818022
65,175.614,-33798385.47402589
66,178.227,-33790228.60877673
67,180.768,-33781534.19800001
68,183.369,-33773882.87975180
69,185.957,-33767958.89640662
70,188.487,-33760421.41665100
71,191.069,-33754419.32044210
72,193.739,-33747589.13554346
73,196.296,-33742040.25701597
74,198.859,-33734973.61275621
75,201.499,-33729456.09891678
76,204.077,-33723306.78035396
77,206.659,-33716599.20669708
78,209.241,-33710513.60485938
79,211.824,-33704783.98653302
80,214.399,-33698355.60357644
81,216.979,-33693015.74885935
82,219.572,-33687386.34037148
83,222.124,-33682341.00120585
84,224.701,-33677197.23392550
85,227.275,-33673254.09253259
86,229.866,-33668665.23306657
87,232.470,-33664372.99067380
88,235.108,-33659747.69627320
89,237.676,-33654019.43136077
90,240.284,-33654235.19628781
91,242.911,-33650286.23494548
92,245.500,-33646978.46841782
93,248.072,-33639525.57868502
94,250.653,-33635427.69898668
95,253.274,-33630788.31150043
96,255.870,-33626976.33033972
97,258.467,-33623781.38525125
98,261.047,-33619449.25956896
99,263.634,-33616661.39637512
100,266.179,-33612895.10706669
101,268.770,-33609146.67754033
102,271.384,-33605660.77613917
103,274.018,-33601928.59621649
104,276.672,-33598397.74410889
105,279.280,-33594512.26525080
106,281.860,-33592089.82535552
107,284.447,-33588462.30182727
108,287.057,-33584554.95918718
109,289.655,-33580979.78112246
110,292.276,-33576554.65615656
111,294.946,-33573968.70157875
112,297.543,-33571741.56068450
113,300.091,-33566602.26268776
114,302.704,-33563584.06604824
115,305.334,-33559519.95480704
116,307.949,-33556894.75956413
117,310.575,-33554363.59588764
118,313.184,-33551080.68681019
119,315.758,-33547426.11079101
120,318.355,-33544028.69423520
121,321.047,-33542249.69602616
122,323.667,-33540232.88638872
123,326.294,-33536976.25994534
124,328.931,-33533161.71449029
125,331.570,-33528561.13782317
126,334.170,-33525977.95356484
127,337.322,-33523981.43063484
128,339.977,-33521438.26664043
129,342.613,-33518868.61718642
130,345.302,-33516593.47057533
131,348.000,-33515512.57207333
132,350.662,-33514323.98291412
133,353.242,-33511747.73919668
134,355.873,-33510747.08239333
135,358.507,-33507933.87021909
136,361.127,-33503991.22802702
137,363.759,-33502534.61434444
138,366.403,-33499580.23252674
139,369.057,-33497376.84645302
140,371.711,-33494760.97833529
141,374.364,-33492084.94592255
142,376.983,-33490405.55379906
143,379.645,-33487336.06376711
144,382.284,-33483438.18365747
145,384.951,-33481674.55877523
146,387.560,-33479625.67239499
147,390.188,-33476993.73773709
148,392.882,-33474718.48973535
149,395.501,-33472290.34951137
150,398.159,-33470322.06952428
151,400.753,-33467655.20786532
152,403.411,-33464486.29841876
153,406.030,-33462811.16181597
154,408.695,-33461456.19064685
155,411.410,-33460615.20415241
156,414.052,-33458188.56642586
157,416.653,-33455193.26330721
158,419.279,-33452397.86954838
159,421.947,-33450728.97059950
160,424.529,-33447536.52484354
161,427.135,-33445082.71984824
162,429.832,-33442786.79210233
163,432.450,-33440510.02798360
164,435.117,-33436898.41222591
165,437.740,-33434437.49863232
166,440.407,-33431675.13934503
167,443.010,-33428842.61899358
168,445.669,-33427069.97823592
169,448.377,-33425329.08005859
170,451.431,-33423130.77614249
171,454.080,-33420572.89945377
172,456.663,-33418927.34422559
173,459.297,-33416670.17084938
174,462.597,-33414669.51838739
175,465.194,-33412614.17499846
176,467.805,-33409941.00044350
177,470.452,-33407705.26089272
178,473.114,-33405778.44135895
179,475.704,-33403770.26785513
180,478.402,-33403841.98948716
181,481.063,-33401868.07041657
182,483.693,-33399544.38608816
183,487.086,-33397858.59888038
184,489.746,-33395776.56539216
185,492.383,-33393823.15895664
186,494.971,-33391789.90923898
187,497.578,-33389704.68491013
188,500.247,-33388075.40529285
189,503.645,-33386301.01740302
190,506.219,-33384072.77030279
191,509.630,-33382250.69420163
192,512.265,-33380162.62371262
193,514.885,-33378337.44470159
194,517.486,-33376484.36835776
195,520.175,-33375122.15915246
196,522.779,-33373331.73527325
197,525.390,-33371247.83173197
198,527.987,-33369433.87314992
199,530.591,-33366910.45293250
200,533.204,-33365499.73039730
201,535.869,-33364831.84954723
202,538.575,-33364512.20951165
203,541.208,-33363730.11690299
204,543.809,-33363735.75926580
205,546.413,-33362882.58917157
206,549.790,-33362771.26324884
207,552.450,-33362827.22464797
208,555.074,-33361679.67535008
209,557.695,-33359919.62383855
210,560.374,-33358381.30548779
211,562.998,-33357511.02067784
212,565.639,-33356822.12097862
213,568.267,-33356802.24308817
214,570.924,-33356023.18367807
215,573.572,-33354919.35606142
216,576.220,-33354131.02044731
217,578.992,-33353482.89021575
218,581.644,-33351786.55288323
219,584.259,-33350645.61780093
220,586.893,-33349713.28945602
221,589.544,-33348412.37107204
222,592.227,-33346220.97768775
223,595.737,-33345066.75307071
224,598.395,-33343605.52672323
225,601.061,-33342279.40840627
226,603.683,-33340037.88093510
227,606.347,-33339729.48304549
228,608.994,-33338334.51813847
229,611.662,-33337308.84825557
230,614.286,-33336805.57022870
231,616.962,-33335272.20085415
232,622.266,-33333999.42375518
233,624.877,-33332104.57883469
234,627.511,-33331704.46821458
235,630.163,-33331404.04149120
236,632.769,-33330330.03334710
237,635.376,-33329082.40555525
238,638.917,-33327032.86968125
239,641.550,-33326337.17130664
240,644.159,-33327535.04376204
241,646.798,-33326084.86425334
242,649.497,-33324853.75151668
243,652.070,-33322996.41548916
244,654.670,-33321630.63677153
245,657.295,-33320072.59196584
246,659.957,-33319512.70992889
247,662.571,-33317704.76338000
248,665.200,-33315679.28565397
249,667.839,-33314454.57602197
250,670.481,-33313665.27408257
251,673.113,-33312094.36793111
252,675.786,-33310697.11882062
253,678.399,-33309139.33147602
254,681.050,-33307897.60817544
255,683.665,-33305646.62544734
256,686.835,-33305191.89234028
257,689.662,-33303505.27651669
258,692.305,-33302125.35367889
259,694.950,-33300372.50599074
260,697.594,-33298631.98219677
261,700.208,-33296615.36103420
262,702.852,-33295830.45309752
263,705.511,-33295215.34070928
264,708.137,-33294711.98606700
265,710.744,-33293359.03071737
266,713.404,-33291552.76296245
267,716.008,-33289915.64673286
268,718.668,-33287890.58931330
269,721.306,-33286801.05491534
270,723.950,-33286221.53661811
271,726.544,-33285002.56087731
272,729.167,-33283773.93196524
273,731.794,-33282173.23235490
274,734.414,-33281092.83185850
275,737.021,-33279664.35457331
276,739.622,-33278491.54108350
277,742.294,-33277498.58113710
278,744.914,-33277077.61816471
279,747.522,-33275666.96917805
280,750.170,-33274819.75055918
281,752.799,-33274616.13790689
282,755.454,-33272958.86477782
283,758.099,-33271492.97491884
284,760.753,-33271103.79624508
285,763.355,-33270454.28016764
286,765.998,-33268855.54455027
287,768.670,-33268607.96051136
288,771.271,-33267229.46451441
289,773.908,-33266040.30038503
290,776.580,-33266068.31240534
291,779.249,-33264970.83477416
292,781.849,-33264777.22897251
293,784.482,-33264724.38790642
294,787.137,-33263804.34827025
295,789.777,-33264086.06729277
296,792.388,-33264675.34211787
297,795.035,-33263198.66419563
298,797.660,-33261868.85556873
299,800.263,-33260650.46142621
300,802.942,-33260218.10458589
301,805.606,-33262213.94804178
302,808.247,-33260604.23421904
303,810.865,-33259932.58849305
304,813.540,-33259383.33672519
305,816.183,-33258816.26099135
306,818.835,-33258793.32256480
307,821.455,-33257754.78566685
308,824.144,-33257759.53477513
309,826.775,-33257562.41331441
310,829.422,-33256864.56266700
311,832.075,-33255779.50210815
312,834.720,-33255240.32245363
313,837.361,-33254429.79171396
314,840.348,-33253992.07108158
315,842.990,-33254345.29119468
316,845.616,-33253396.68079002
317,848.250,-33253563.66306167
318,850.874,-33252844.29467828
319,853.554,-33252055.24014359
320,856.187,-33252664.81254344
321,858.859,-33251593.34883206
322,861.555,-33250843.51545418
323,864.200,-33250679.54273990
324,866.831,-33250335.51095402
325,869.466,-33250060.32649793
326,872.111,-33250433.35735973
327,874.748,-33249138.48662622
328,877.337,-33248560.70233990
329,880.017,-33247390.21623457
330,882.660,-33246457.12067442
331,885.263,-33244864.85743136
332,887.917,-33244628.32621330
333,890.570,-33243850.15028716
334,893.198,-33243483.38141056
335,895.802,-33243336.78943662
336,898.426,-33243171.92791423
337,901.084,-33242585.60662879
338,903.701,-33241438.04982262
339,906.344,-33240306.65112303
340,909.057,-33239575.39009394
341,911.709,-33238852.45304914
342,914.350,-33238007.17640118
343,916.986,-33237673.02695522
344,919.618,-33236963.12686642
345,922.259,-33235602.00560710
346,924.920,-33234601.98965835
347,927.590,-33233589.05561832
348,930.236,-33232744.29914728
349,932.890,-33231907.15729097
350,935.549,-33231404.98258562
351,938.164,-33231192.65799695
352,940.776,-33230026.23306578
353,943.445,-33230299.89590968
354,946.130,-33229653.65020451
355,948.795,-33229948.61244668
356,951.427,-33228782.49445755
357,954.083,-33228319.69042287
358,956.728,-33226944.15400934
359,959.365,-33225608.00614049
360,962.035,-33225357.41389784
361,964.669,-33223967.83724417
362,967.308,-33222917.96006391
363,969.940,-33221961.00180684
364,972.947,-33221606.95458209
365,975.649,-33220862.93840857
366,978.294,-33219420.79442995
367,980.930,-33219428.83303815
368,983.598,-33218265.78973093
369,986.257,-33217223.84999714
370,988.883,-33216046.42288921
371,991.547,-33215181.25921913
372,994.182,-33214841.45747849
373,996.851,-33214422.45466241
374,999.506,-33213925.06457488
375,1002.158,-33212794.00583185
376,1004.801,-33211779.61336965
377,1007.505,-33212156.37280669
378,1010.153,-33211262.37468494
379,1012.821,-33210391.04838172
380,1015.470,-33211482.99764789
381,1018.140,-33211137.72522108
382,1020.789,-33210026.74666016
383,1023.483,-33209541.63559115
384,1026.134,-33209252.32650045
385,1028.797,-33208414.94731204
386,1031.863,-33207817.04819654
387,1034.508,-33207233.65625761
388,1037.168,-33206646.45041528
389,1040.198,-33205916.26123333
390,1042.885,-33207221.51464770
391,1045.511,-33205909.11535266
392,1048.173,-33205109.04951567
393,1050.855,-33204326.96192038
394,1053.523,-33203765.19290987
395,1056.160,-33203799.46106775
396,1058.817,-33202834.61438397
397,1061.548,-33203045.01473812
398,1064.220,-33202773.74120025
399,1066.827,-33201872.37398419
400,1069.451,-33200960.25421700
401,1072.153,-33200746.51449820
402,1074.807,-33201329.51708453
403,1077.445,-33200964.04052616
404,1080.091,-33200523.19248112
405,1082.724,-33199928.80500331
406,1085.373,-33200610.88735809
407,1088.015,-33200188.00293919
408,1090.716,-33199930.38594864
409,1093.388,-33200029.77633547
410,1097.773,-33200441.03799069
411,1100.436,-33200980.34904373
412,1103.068,-33200044.07503271
413,1105.726,-33199613.68193872
414,1108.369,-33198949.60306627
415,1111.072,-33198039.86349281
416,1113.742,-33197654.69207638
417,1116.374,-33197668.96491941
418,1118.991,-33196628.10841194
419,1121.669,-33196522.71967370
420,1124.318,-33196243.08090811
421,1127.195,-33196002.60201583
422,1129.882,-33195608.11955602
423,1132.896,-33195513.64690403
424,1135.562,-33195583.66825803
425,1138.212,-33196452.16464084
426,1140.914,-33196089.67253284
427,1143.589,-33196325.98755661
428,1146.235,-33196303.84141078
429,1148.898,-33197130.31374126
430,1151.548,-33197156.72230107
431,1154.465,-33196758.60082105
432,1157.159,-33196902.89885255
433,1159.834,-33196668.81830761
434,1162.505,-33195865.56821746
435,1165.143,-33195850.57186172
436,1167.859,-33194950.43568305
437,1170.523,-33193916.40152646
438,1173.175,-33192936.45506385
439,1175.834,-33192461.54050732
440,1178.496,-33191843.86714245
441,1181.190,-33190406.46226270
442,1183.814,-33189639.97965973
443,1186.522,-33188781.55229518
444,1189.180,-33188616.07390370
445,1191.852,-33188230.31016579
446,1194.862,-33188484.16710725
447,1197.508,-33188054.16453777
448,1201.531,-33187403.08917699
449,1204.155,-33186327.30559880
450,1206.807,-33186630.16155642
451,1209.457,-33186561.93723615
452,1212.102,-33185631.88526163
453,1214.722,-33185517.04599920
454,1217.730,-33184394.62073202
455,1220.414,-33184558.02628660
456,1223.047,-33183932.59470975
457,1225.739,-33183194.11252465
458,1228.408,-33182527.99312782
459,1231.037,-33181897.03403261
460,1233.683,-33181476.96841483
461,1236.328,-33180721.11880636
462,1239.018,-33180689.94811549
463,1241.649,-33181460.55172467
464,1244.305,-33180277.12594318
465,1246.977,-33179416.48169906
466,1249.613,-33178062.78972905
467,1252.241,-33177187.68319137
468,1254.911,-33177071.22208561
469,1257.591,-33177018.20715024
470,1260.220,-33176723.72588433
471,1262.853,-33176161.49545778
472,1265.534,-33175575.78366037
473,1268.158,-33175324.90788341
474,1270.770,-33174800.15933569
475,1273.442,-33174186.61028208
476,1276.137,-33174124.01742723
477,1278.767,-33173289.89372402
478,1281.400,-33172746.27039562
479,1284.039,-33171888.85919562
480,1286.710,-33171694.54573616
481,1289.364,-33171721.51119674
482,1291.993,-33171019.98519115
483,1294.662,-33170970.31717053
484,1297.307,-33170492.12183856
485,1299.953,-33169730.31880513
486,1302.608,-33169277.42829052
487,1305.308,-33168659.83590615
488,1307.925,-33167972.08980867
489,1310.566,-33167013.36209352
490,1313.206,-33166540.09496154
491,1315.849,-33166611.41684334
492,1318.492,-33166167.90696808
493,1321.136,-33166196.30202276
494,1323.796,-33165756.30680329
495,1326.444,-33165959.74159439
496,1329.076,-33165534.13330102
497,1331.731,-33165365.86973682
498,1334.378,-33165193.56500260
499,1337.002,-33165682.01461821
500,1339.685,-33165425.08720553
501,1342.285,-33165505.76464145
502,1344.917,-33165456.05319650
503,1347.636,-33165231.63475967
504,1350.331,-33166660.82198646
505,1352.943,-33166713.41047676
506,1355.591,-33166649.19628011
507,1358.257,-33166942.67317001
508,1360.911,-33167552.67499116
509,1363.612,-33168021.21426819
510,1366.226,-33168586.85910900
511,1368.880,-33168210.98313168
512,1371.546,-33167928.41861317
513,1374.205,-33167894.88565846
514,1376.821,-33167618.97877241
515,1379.476,-33167138.12832595
516,1382.135,-33167377.35227390
517,1384.809,-33167166.41605576
518,1387.411,-33166863.04221426
519,1390.058,-33167038.29672509
520,1393.277,-33167394.63608380
521,1395.959,-33167798.90718461
522,1398.601,-33167275.05246121
523,1401.258,-33167664.26674316
524,1403.921,-33167819.61517155
525,1406.571,-33168726.29513833
526,1409.208,-33168798.24787490
527,1411.852,-33167804.23675447
528,1414.483,-33166610.15667329
529,1417.523,-33166100.98376949
530,1420.144,-33165912.01985440
531,1422.801,-33165710.22119243
532,1425.452,-33165431.36912344
533,1428.124,-33164406.27341626
534,1430.836,-33164548.78989393
535,1433.488,-33163823.30522388
536,1436.127,-33163545.22805936
537,1438.830,-33163591.62592262
538,1441.489,-33163075.01692655
539,1444.132,-33162601.17355994
540,1446.789,-33162318.32772146
541,1449.464,-33161803.80777785
542,1452.148,-33162088.76145286
543,1454.811,-33162029.99153174
544,1457.454,-33161090.71623665
545,1460.141,-33161796.57255686
546,1462.834,-33161108.27537546
547,1465.465,-33161082.94145655
548,1468.106,-33160651.09208085
549,1470.783,-33159755.96000579
550,1473.422,-33159962.73056738
551,1476.062,-33159127.09043086
552,1478.719,-33158199.61981089
553,1481.405,-33158337.86682436
554,1484.018,-33157679.37094028
555,1486.671,-33157134.81285524
556,1489.394,-33156321.45124919
557,1492.077,-33156344.17085317
558,1494.717,-33155465.14749470
559,1497.361,-33154422.58397069
560,1500.021,-33153320.75075231
561,1502.688,-33153645.50638638
562,1505.303,-33152846.90114287
563,1507.940,-33152117.88498322
564,1510.565,-33151200.84192086
565,1515.020,-33150812.02329671
566,1517.652,-33149787.58211972
567,1520.295,-33149152.02294016
568,1522.950,-33149005.31671328
569,1525.603,-33148154.17678954
570,1528.265,-33147744.49247692
571,1530.972,-33147431.88042957
572,1533.616,-33146659.51666171
573,1536.266,-33146253.60361584
574,1538.915,-33144870.27957927
575,1541.570,-33144645.19589930
576,1544.244,-33143970.64175227
577,1546.885,-33143590.34829619
578,1549.619,-33143503.73896340
579,1552.248,-33142501.92276744
580,1554.886,-33142314.10535762
581,1557.559,-33142125.48956678
582,1560.223,-33141635.97528857
583,1562.842,-33141520.57188445
584,1565.507,-33140815.47722839
585,1568.230,-33141155.52887484
586,1570.850,-33140392.91065301
587,1573.484,-33140068.33750215
588,1576.181,-33140079.24255065
589,1578.837,-33139126.47761352
590,1581.468,-33138923.96346697
591,1584.109,-33139143.60734640
592,1586.803,-33138360.86621808
593,1589.488,-33139413.15264014
594,1592.119,-33139566.15753849
595,1594.747,-33139379.45111594
596,1597.463,-33139417.57147603
597,1600.140,-33139665.66171096
598,1602.805,-33140298.02980324
599,1605.449,-33140943.60492147
600,1608.108,-33140316.75451778
601,1610.767,-33140624.45378476
602,1613.418,-33140877.71330655
603,1616.130,-33140740.64555855
604,1618.747,-33139791.95668433
605,1621.399,-33140078.17184144
606,1624.060,-33140842.87389786
607,1627.120,-33140305.91422296
608,1629.783,-33141535.44135771
609,1632.437,-33141592.53904965
610,1635.109,-33141319.67888435
611,1637.758,-33141789.68556296
612,1640.411,-33141462.22342330
613,1643.050,-33140816.26785424
614,1645.690,-33141017.32449816
615,1648.320,-33141631.29561941
616,1650.960,-33141471.32227606
617,1653.682,-33142394.61096058
618,1658.013,-33142253.08918267
619,1660.678,-33142390.02364717
620,1663.335,-33141786.17174555
621,1666.038,-33141396.59190914
622,1670.149,-33141168.23591781
623,1672.836,-33141230.94761318
624,1675.489,-33140441.91039722
625,1678.162,-33140588.21015351
626,1680.817,-33140641.30008285
627,1683.473,-33140232.87472073
628,1686.184,-33139825.32373454
629,1688.809,-33139032.24979699
630,1691.458,-33138770.34607018
631,1694.160,-33139252.09387673
632,1696.835,-33139395.04139888
633,1699.499,-33139877.98587684
634,1702.141,-33139640.61506455
635,1704.879,-33139129.01550767
636,1707.529,-33138747.73635679
637,1710.208,-33138897.49443287
638,1712.841,-33138112.07400275
639,1715.522,-33137577.30916550
640,1718.183,-33136885.56782877
641,1721.640,-33136921.79624970
642,1724.298,-33137116.18126652
643,1726.962,-33136798.54590547
644,1729.607,-33136694.16471398
645,1732.281,-33136480.45999809
646,1735.011,-33136480.39317701
647,1737.644,-33135622.99830764
648,1740.285,-33135266.46020920
649,1742.923,-33134726.25099938
650,1745.591,-33134333.44788234
651,1748.229,-33134032.03300680
652,1751.369,-33133703.09480811
653,1754.076,-33133513.27230192
654,1756.748,-33133153.95001584
655,1759.390,-33133187.51815393
656,1762.109,-33132130.45876939
657,1764.801,-33131306.96838466
658,1767.442,-33131376.77283634
659,1770.088,-33131003.65332976
660,1772.731,-33130188.75216481
661,1775.388,-33130260.15011666
662,1778.024,-33129654.67665337
663,1780.674,-33128977.34988777
664,1783.382,-33128856.85979551
665,1786.037,-33128756.90595362
666,1788.687,-33128238.53324455
667,1791.347,-33127689.27585021
668,1794.705,-33127327.02410653
669,1797.349,-33127076.34513879
670,1799.999,-33127214.76118494
671,1802.645,-33127023.65851297
672,1805.307,-33126869.05797714
673,1807.969,-33126294.78229439
674,1810.622,-33126584.21467374
675,1813.267,-33126126.55741949
676,1815.922,-33125917.83490004
677,1818.593,-33125751.74463134
678,1821.253,-33125077.78469598
679,1823.895,-33124850.60464182
680,1826.551,-33124255.16683000
681,1829.805,-33123530.43592448
682,1832.431,-33122502.99265827
683,1835.745,-33121554.22417504
684,1838.409,-33120994.25039828
685,1841.084,-33120992.94065362
686,1843.718,-33120518.10467077
687,1846.347,-33120612.31700821
688,1849.020,-33120486.01793525
689,1851.703,-33120302.51934522
690,1854.321,-33120311.68957730
691,1856.972,-33120480.16573413
692,1859.609,-33120190.62623662
693,1862.273,-33119424.41114128
694,1864.909,-33119573.54310488
695,1867.616,-33120123.28275510
696,1870.260,-33119554.99134249
697,1872.947,-33120898.89745641
698,1875.605,-33120721.53041536
699,1878.266,-33120301.42924462
700,1880.927,-33120594.33097765
701,1883.611,-33120835.38555685
702,1886.259,-33120080.88157002
703,1888.929,-33119737.76138200
704,1891.562,-33119384.24001324
705,1894.233,-33119156.95728868
706,1896.885,-33119081.02242660
707,1899.522,-33119448.19874801
708,1902.161,-33119447.54439801
709,1904.828,-33119425.12283035
710,1907.589,-33119198.94272781
711,1910.231,-33119025.03960996
712,1912.899,-33119060.46434073
713,1915.548,-33119424.99692987
714,1918.219,-33119431.43767473
715,1920.845,-33119650.94566127
716,1923.528,-33119591.24491311
717,1926.172,-33118883.98192753
718,1928.847,-33118649.12556008
719,1931.466,-33118370.88495765
720,1934.088,-33118395.68784073
721,1936.731,-33118397.58108715
722,1939.378,-33118502.27587457
723,1942.011,-33118023.55926681
724,1944.673,-33118245.55173989
725,1947.353,-33118026.52321986
726,1949.980,-33118084.73765812
727,1952.651,-33117783.00474908
728,1955.314,-33117690.79033630
729,1957.982,-33117235.05786667
730,1960.632,-33116995.73208332
731,1963.255,-33116716.86325817
732,1965.893,-33116871.07275499
733,1968.575,-33116862.10708229
734,1971.220,-33116422.17488758
735,1973.872,-33116459.93871662
736,1976.556,-33116259.58661865
737,1979.206,-33115988.78664700
738,1981.840,-33116141.61360508
739,1984.489,-33115755.39167544
740,1987.180,-33115424.49993352
741,1990.141,-33115140.38563781
742,1992.791,-33115653.57022133
743,1995.468,-33115693.67947932
744,1998.126,-33115927.15710432
745,2000.755,-33115787.47636483
746,2003.384,-33115512.22660378
747,2006.071,-33115472.89388191
748,2008.716,-33115235.90506330
749,2011.372,-33115186.33991915
750,2014.023,-33115280.91000360
751,2016.756,-33114804.42211006
752,2019.414,-33114411.60694920
753,2022.080,-33114384.26258980
754,2024.721,-33114045.85945849
755,2027.411,-33113430.47658812
756,2030.033,-33113083.05125567
757,2032.691,-33113242.31050224
758,2035.394,-33113796.21239108
759,2038.054,-33113423.15920652
760,2040.708,-33113160.86057540
761,2043.344,-33112314.09841314
762,2046.073,-33111790.30666787
763,2048.731,-33111807.64076344
764,2051.402,-33111680.93774634
765,2054.059,-33111501.72110289
766,2056.797,-33111782.00081560
767,2059.471,-33111702.84711824
768,2062.127,-33111012.91839021
769,2064.795,-33111226.73058589
770,2067.462,-33110498.48041883
771,2070.099,-33110749.37949906
772,2072.726,-33110658.22981398
773,2075.417,-33110093.03906574
774,2078.072,-33109812.34426251
775,2080.720,-33110669.82202198
776,2083.365,-33110429.20203982
777,2086.075,-33110380.22215251
778,2088.690,-33109929.60948888
779,2091.366,-33109314.88228408
780,2094.062,-33108630.06175888
781,2096.705,-33108312.51489608
782,2099.353,-33108259.75999909
783,2101.963,-33107596.25251588
784,2104.682,-33107242.13168173
785,2107.335,-33106953.43739422
786,2110.006,-33106005.70282041
787,2112.652,-33105576.99257697
788,2115.353,-33105027.00321975
789,2118.014,-33104900.95502681
790,2120.656,-33104684.36514780
791,2123.311,-33104032.59048419
792,2126.001,-33103538.30652841
793,2128.652,-33103011.97377463
794,2131.325,-33102793.67090563
795,2133.962,-33102816.95424157
796,2136.614,-33102862.23910383
797,2139.235,-33102619.99786892
798,2141.872,-33102346.11102238
799,2144.581,-33102292.57762209
800,2147.230,-33102289.88617161
801,2149.884,-33102550.32295673
802,2152.518,-33102209.87550203
803,2155.222,-33102443.75729797
804,2157.898,-33102329.53891184
805,2160.578,-33102086.35270507
806,2163.235,-33101919.60457879
807,2165.902,-33102066.77741719
808,2168.566,-33102250.27259167
809,2171.225,-33102312.53750079
810,2173.934,-33102870.57045462
811,2176.572,-33102899.06239066
812,2179.240,-33103393.08708647
813,2181.892,-33103855.49615077
814,2184.582,-33103825.78615775
815,2187.261,-33103688.54581283
816,2189.930,-33103534.21468589
817,2193.850,-33103577.76754024
818,2196.497,-33104028.97925719
819,2199.153,-33104302.55563980
820,2201.775,-33103643.67160603
821,2204.536,-33102879.06791773
822,2207.175,-33102699.47664405
823,2210.225,-33103198.54535521
824,2212.836,-33103092.80861617
825,2215.482,-33102694.72715889
826,2218.113,-33102845.24182524
827,2220.786,-33102704.80015550
828,2223.423,-33102560.57837477
829,2226.082,-33102298.68205752
830,2228.738,-33102356.64822266
831,2231.410,-33102364.67274092
832,2234.070,-33102033.49883121
833,2236.740,-33102192.55969893
834,2239.809,-33102140.95465237
835,2242.466,-33101805.70704447
836,2245.106,-33101875.55117941
837,2247.795,-33101407.70600569
838,2250.450,-33101160.98712985
839,2253.115,-33100171.57989606
840,2255.750,-33099839.38144274
841,2258.444,-33099443.84346650
842,2261.075,-33099367.90042466
843,2263.723,-33099134.31331763
844,2266.345,-33098958.45705663
845,2269.020,-33098276.64433846
846,2271.658,-33097670.25321250
847,2274.374,-33097339.21171831
848,2277.034,-33097087.28512469
849,2279.694,-33096383.30272219
850,2282.334,-33095769.90570628
851,2285.018,-33095617.41926951
852,2287.733,-33095356.15169173
853,2290.408,-33094834.80120086
854,2293.059,-33094412.58631422
855,2295.777,-33093980.41940966
856,2298.457,-33094373.85262420
857,2301.098,-33094879.19525110
858,2303.792,-33094748.95860089
859,2306.493,-33094701.36250508
860,2309.198,-33094553.57219705
861,2311.850,-33094239.62046873
862,2314.489,-33094535.77616353
863,2317.206,-33094252.47418804
864,2319.865,-33094246.91242576
865,2322.913,-33094141.54064808
866,2325.584,-33094121.15273278
867,2328.615,-33093871.37053965
868,2331.263,-33093714.70322657
869,2333.916,-33093477.35622147
870,2336.565,-33093548.35277690
871,2339.251,-33093217.50648525
872,2341.919,-33093319.37621730
873,2344.607,-33093066.14628325
874,2347.278,-33092728.57878284
875,2349.954,-33092459.43485748
876,2352.631,-33092176.93669603
877,2355.312,-33091968.37979360
878,2357.943,-33091839.85486668
879,2360.631,-33091702.79153465
880,2363.319,-33091364.23714426
881,2365.971,-33091226.02810764
882,2368.601,-33090877.75321492
883,2371.239,-33090134.29341811
884,2375.875,-33090325.29023499
885,2378.530,-33090041.72571673
886,2381.175,-33089750.32175005
887,2383.891,-33090276.38476702
888,2386.536,-33090256.19191277
889,2389.217,-33090321.21365911
890,2391.890,-33090160.17616516
891,2395.004,-33089900.55266469
892,2397.634,-33089866.37462481
893,2400.283,-33089545.72459052
894,2402.911,-33089204.48561930
895,2405.595,-33089303.51239877
896,2408.265,-33089353.71245413
897,2410.897,-33089378.07695721
898,2413.563,-33089365.86238246
899,2416.209,-33089649.79721680
900,2418.836,-33089970.77612738
901,2421.478,-33090210.94887224
902,2424.486,-33090460.35574402
903,2427.143,-33091485.57311982
904,2429.781,-33091511.14693631
905,2432.430,-33091759.19753875
906,2435.096,-33091478.46150913
907,2437.721,-33091145.63063928
908,2440.364,-33090984.14035210
909,2442.999,-33090834.61740001
910,2445.643,-33090680.31167842
911,2448.279,-33090453.68577819
912,2450.910,-33090052.29218024
913,2453.564,-33090090.95347727
914,2456.271,-33090304.62848219
915,2458.898,-33089747.88238509
916,2461.555,-33089883.15654005
917,2464.219,-33089254.21733983
918,2466.932,-33089527.72968374
919,2469.570,-33089312.97634422
920,2472.187,-33089679.88265070
921,2474.878,-33089712.98307719
922,2477.544,-33089416.11185916
923,2480.205,-33089116.29180323
924,2482.897,-33088653.62228335
925,2485.540,-33088180.92567563
926,2488.418,-33088019.03966108
927,2491.083,-33087503.03798476
928,2493.777,-33087342.38042372
929,2496.428,-33087341.08511728
930,2499.058,-33087414.71607456
931,2501.693,-33087348.78960952
932,2504.387,-33087146.70044391
933,2507.008,-33086855.52615669
934,2509.659,-33087033.70225740
935,2512.296,-33087102.69942192
936,2514.977,-33087090.22337272
937,2517.600,-33087253.89065046
938,2520.233,-33086720.05630947
939,2522.873,-33086521.10533578
940,2525.509,-33086202.23165150
941,2528.175,-33085730.11150786
942,2530.800,-33085437.22918664
943,2533.493,-33084896.37814727
944,2536.152,-33084820.33974153
945,2538.806,-33085010.17869388
946,2541.444,-33085089.12288301
947,2544.137,-33084495.13259900
948,2546.778,-33084684.99480554
949,2549.402,-33083959.17889576
950,2552.088,-33084383.16865384
951,2554.738,-33084082.37892780
952,2557.402,-33084418.81839636
953,2560.036,-33084292.31629932
954,2562.687,-33083744.95419809
955,2565.339,-33083876.58289370
956,2567.982,-33084003.77007331
957,2570.630,-33083670.35132330
958,2573.353,-33083444.16174498
959,2576.015,-33083657.66131160
960,2578.668,-33083515.30095500
961,2581.314,-33083094.54920400
962,2584.023,-33083169.68039781
963,2586.662,-33082997.74447881
964,2589.293,-33082323.30321132
965,2591.912,-33082507.13500505
966,2594.576,-33082392.76007992
967,2597.268,-33082325.81032440
968,2599.935,-33082195.98582801
969,2602.656,-33082207.27506403
970,2605.295,-33082235.95801568
971,2607.931,-33081877.47190567
972,2610.599,-33081583.82901149
973,2613.279,-33081241.90581400
974,2615.935,-33080856.16935964
975,2618.583,-33080766.90112067
976,2621.244,-33081069.55315497
977,2624.243,-33080731.43904132
978,2626.895,-33080077.96575461
979,2629.549,-33080312.25070655
980,2632.277,-33080431.48902079
981,2634.921,-33080584.79151630
982,2637.574,-33080801.35993751
983,2640.222,-33080820.77536888
984,2642.923,-33080889.47928639
985,2645.584,-33080375.58769140
986,2648.246,-33080586.51679709
987,2650.898,-33080403.65734183
988,2653.560,-33079451.55190481
989,2656.201,-33079214.37286086
990,2658.860,-33079088.18317787
991,2661.578,-33079489.08114527
992,2664.235,-33080205.58081236
993,2666.873,-33079882.66390119
994,2669.510,-33080086.40049820
995,2672.221,-33079797.41082870
996,2674.871,-33079493.37794306
997,2677.524,-33079191.81547359
998,2680.173,-33078921.46484041
999,2682.824,-33078715.58184362
1000,2685.465,-33078335.65688377
