function,algorithm,learning,problem,approximation,vector,convergence,error,optimal,case,result,parameter,theorem,solution,gradient,matrix,method,point,stochastic,bound
function,algorithm,bound,set,learning,number,result,class,threshold,problem,weight,examples,vector,network,neural,probability,theorem,dimension,linear,support
signal,filter,task,subject,system,response,component,light,processing,detection,information,eeg,result,analysis,intensity,retina,target,data,frequency,source
training,set,data,classifier,network,error,classification,performance,learning,test,number,pattern,method,class,neural,algorithm,problem,examples,rules,result
model,data,algorithm,set,component,number,method,bayesian,variables,pca,distribution,problem,parameter,result,risk,function,cost,pruning,principal,prediction
neuron,circuit,input,chip,analog,current,synaptic,output,voltage,neural,channel,synapses,vlsi,synapse,network,system,cell,function,signal,learning
distribution,noise,information,mean,data,field,probability,function,model,gaussian,correlation,set,energy,input,method,variance,vector,case,point,result
model,motor,control,movement,eye,system,position,target,arm,field,trajectory,velocity,network,output,neural,inverse,dynamic,forward,signal,point
learning,action,control,reinforcement,policy,function,system,algorithm,problem,task,step,model,optimal,reward,states,controller,environment,result,dynamic,goal
speech,word,recognition,system,network,training,speaker,neural,hmm,model,context,set,acoustic,output,input,data,experiment,performance,signal,phoneme
function,model,data,gaussian,method,linear,regression,set,kernel,error,parameter,neural,network,training,prediction,basis,algorithm,nonlinear,estimation,space
object,image,model,images,view,visual,vision,level,features,recognition,part,point,representation,matching,segment,region,scene,problem,feature,contour
memory,model,recurrent,sequence,string,states,representation,attractor,learning,symbol,sequences,transition,input,context,order,system,term,item,finite,pattern
network,system,neuron,dynamic,map,neural,pattern,point,equation,connection,model,path,function,region,robot,activity,input,result,dominance,local
neuron,model,spike,cell,network,system,frequency,firing,input,neural,phase,potential,delay,pattern,auditory,oscillator,sound,spikes,activity,fig
image,recognition,network,vector,set,character,images,distance,training,feature,pattern,digit,system,pixel,input,learning,neural,tangent,method,space
network,unit,input,weight,output,neural,hidden,layer,net,training,problem,learning,function,pattern,error,number,set,architecture,system,activation
learning,network,weight,error,input,neural,output,training,system,equation,order,function,noise,gradient,vector,generalization,dynamic,linear,model,parameter
cell,model,visual,direction,field,unit,motion,input,neuron,cortex,spatial,receptive,stimulus,cortical,orientation,response,pattern,layer,stimuli,activity
model,data,parameter,network,probability,likelihood,mixture,distribution,learning,algorithm,density,hidden,variables,log,mean,gaussian,conditional,probabilities,prior,markov
