data,cluster,clustering,model,set,information,representation,word,number,pattern,algorithm,similarity,vector,features,learning,result,document,probability,target,item
learning,action,algorithm,policy,function,reinforcement,problem,states,reward,optimal,system,step,result,decision,control,method,transition,markov,agent,dynamic
speech,network,recognition,word,training,system,hmm,output,neural,speaker,input,model,set,hidden,context,performance,error,data,acoustic,sequence
model,data,network,prediction,neural,training,error,set,input,regression,method,function,performance,test,linear,system,nonlinear,series,result,mlp
vector,data,space,point,function,matrix,linear,algorithm,component,distance,model,dimensional,set,transformation,basis,pca,method,feature,principal,analysis
network,object,input,recognition,image,system,neural,layer,training,features,feature,set,output,character,task,images,unit,pattern,performance,view
network,algorithm,set,learning,neural,problem,rules,training,system,rule,node,data,function,input,number,result,output,genetic,weight,search
image,motion,images,model,visual,object,direction,vision,local,pixel,region,field,filter,contour,representation,point,spatial,network,system,segment
set,algorithm,training,classifier,function,error,data,class,examples,classification,problem,learning,vector,number,method,kernel,pattern,loss,result,generalization
network,neural,neuron,system,input,dynamic,function,output,point,recurrent,pattern,equation,attractor,weight,memory,net,states,fixed,learning,parameter
function,bound,theorem,threshold,result,network,number,proof,approximation,polynomial,dimension,neural,case,linear,set,size,weight,probability,distribution,net
signal,filter,model,frequency,channel,sound,auditory,component,system,information,noise,source,subject,sources,separation,motor,analysis,processing,neural,movement
model,data,distribution,parameter,gaussian,probability,mean,likelihood,algorithm,density,mixture,bayesian,prior,method,set,variables,posterior,log,function,approximation
network,learning,representation,model,unit,input,grammar,string,training,neural,level,system,connectionist,symbol,task,set,pattern,structure,language,context
network,unit,weight,learning,input,error,hidden,training,output,layer,set,generalization,function,pattern,problem,number,net,noise,neural,result
learning,algorithm,function,control,gradient,model,network,error,problem,system,point,method,neural,vector,parameter,controller,trajectory,training,output,adaptive
neuron,cell,model,input,spike,synaptic,firing,activity,potential,pattern,rate,synapses,information,network,neural,membrane,function,system,response,current
model,cell,visual,field,input,cortex,neuron,eye,orientation,cortical,receptive,unit,map,activity,response,direction,movement,pattern,system,connection
learning,robot,graph,action,model,goal,task,environment,control,system,problem,reinforcement,path,position,grid,optimal,local,step,space,dynamic
circuit,chip,analog,current,output,input,neural,system,vlsi,neuron,voltage,network,implementation,weight,transistor,signal,cell,function,synapse,digital
