generalization,error,weight,noise,student,training,input,network,optimal,teacher,large,learning,committee,case,ensemble,vector,order,set,solution,result
auditory,sound,frequency,model,signal,system,channel,representation,cochlear,song,localization,owl,music,onset,cochlea,delay,ear,tone,temporal,stream
oscillator,phase,correlation,oscillatory,wang,oscillation,frequency,model,david,michael,synchronization,john,neural,neighbor,snr,phases,segment,visual,global,locking
tree,node,nodes,model,trees,decision,level,depth,leaf,region,grouping,leaves,segment,parent,contour,pair,structure,children,letter,merging
layer,input,unit,network,weight,output,connection,field,receptive,learning,genetic,hidden,position,system,activation,set,pattern,training,location,representation
motion,direction,filter,field,visual,spatial,velocity,retina,response,moving,light,model,temporal,flow,system,intensity,receptive,optical,contrast,output
bit,road,net,problem,number,algorithm,task,representation,rank,partition,binary,solution,ranking,system,function,evaluation,result,information,real,capacity
memory,pattern,network,input,associative,capacity,unit,noise,synaptic,neuron,neural,system,function,learning,model,output,error,retrieval,memories,activity
classifier,training,classification,performance,data,set,class,detection,rate,error,pattern,test,rbf,neural,decision,mlp,trained,input,problem,number
image,images,pixel,system,object,recognition,information,features,vision,visual,scene,scale,resolution,network,feature,texture,level,local,region,location
visual,map,eye,model,cortex,attention,input,field,threshold,center,size,cortical,target,neural,system,circuit,saliency,cell,receptive,lgn
vector,perceptron,map,input,set,learning,weight,pattern,projection,kohonen,distribution,examples,vowel,training,algorithm,representation,stress,syllable,perceptton,pursuit
feature,features,distance,set,classification,vector,tangent,pattern,method,transformation,training,label,information,test,number,euclidean,metric,space,data,result
word,speech,speaker,system,recognition,phoneme,set,acoustic,letter,user,language,performance,experiment,test,segmentation,vowel,network,phonetic,information,signal
object,view,model,recognition,rbf,system,learning,set,basis,training,experiment,module,function,rigid,linear,radial,representation,position,simulation,poggio
function,algorithm,bound,theorem,result,proof,linear,number,class,threshold,weight,case,polynomial,dimension,vector,approximation,set,loss,learning,log
model,system,dynamic,equation,neural,network,parameter,neuron,point,function,noise,nonlinear,order,linear,wavelet,analysis,fixed,dynamical,non,states
set,prediction,sample,selection,error,probability,data,size,distribution,model,estimate,number,random,samples,training,procedure,statistical,learning,algorithm,confidence
neuron,cell,spike,firing,model,input,synaptic,activity,stimulus,cortical,cortex,rate,response,pattern,potential,fig,synapses,spikes,excitatory,neuronal
network,attractor,system,pattern,modules,dynamic,point,form,matrix,module,rule,condition,chaotic,fixed,connection,periodic,states,symbol,input,content
hmm,model,recognition,system,speech,context,training,word,hidden,markov,parameter,sequence,probabilities,output,states,mlp,continuous,probability,mixture,sequences
learning,action,task,control,robot,model,trial,goal,function,environment,controller,reinforcement,exploration,system,performance,cost,world,real,planning,memory
position,rotation,object,direction,neuron,actor,model,critic,movement,representation,field,visual,eye,transformation,activity,vector,observer,location,angle,coordinates
representation,model,face,similarity,item,human,binding,target,faces,activation,task,set,network,subject,object,signature,vector,similar,psychology,stimulus
problem,surface,point,solution,grid,data,local,network,function,constraint,region,path,equation,method,line,field,contour,space,interpolation,values
learning,policy,action,reinforcement,algorithm,reward,problem,function,step,states,optimal,system,agent,dynamic,decision,mdp,method,result,sutton,transition
rules,learning,set,rule,examples,training,expert,algorithm,point,domain,knowledge,method,network,problem,neural,learned,instance,constraint,system,data
unit,network,weight,input,hidden,pattern,training,activation,connection,output,learning,problem,performance,net,delay,trained,error,spiral,propagation,window
model,data,distribution,variables,prior,bayesian,probability,number,likelihood,parameter,posterior,conditional,structure,space,set,approach,probabilistic,mean,inference,variable
character,recognition,classifier,digit,training,pattern,vector,network,classification,data,neural,input,class,margin,set,feature,handwritten,output,system,method
input,output,learning,unit,task,target,hidden,learn,network,training,weight,prediction,cost,information,step,gradient,set,problem,pattern,representation
network,input,system,neuron,model,connection,cell,neural,phase,inhibitory,interneuron,control,current,excitatory,synaptic,receptor,gain,feedback,pattern,sensory
weight,network,neural,block,processor,chip,parallel,algorithm,bit,implementation,system,hardware,vector,data,perturbation,performance,speed,application,net,processing
unit,hidden,network,weight,learning,net,propagation,probability,algorithm,error,function,boltzmann,code,binary,problem,codes,solution,pattern,bit,neural
field,energy,entropy,distribution,information,mean,theory,spin,statistical,temperature,equation,order,structure,case,neural,solution,network,parameter,result,protein
algorithm,parameter,method,problem,function,estimation,gaussian,mean,approximation,estimate,likelihood,step,error,data,optimal,set,convergence,solution,bayesian,vector
error,examples,data,set,function,training,hypothesis,test,algorithm,learning,problem,hint,point,concept,section,support,margin,case,loss,solution
network,neural,input,output,training,layer,error,number,set,problem,function,result,net,weight,learning,architecture,hidden,system,unit,method
learning,error,rate,function,training,gradient,weight,approximation,term,result,descent,set,mean,equation,curves,small,values,order,average,rates
component,subject,ica,independent,data,eeg,signal,analysis,trial,stimulus,response,event,frequency,correlation,noise,method,activity,information,single,sejnowski
control,model,motor,system,controller,trajectory,movement,arm,dynamic,forward,learning,field,inverse,feedback,output,joint,position,hand,target,trajectories
graph,matching,problem,constraint,level,optimization,routing,point,match,network,neural,function,objective,algorithm,hopfield,iiii,mjolsness,assignment,matrix,part
circuit,analog,chip,input,neuron,output,current,voltage,vlsi,neural,system,synapse,signal,transistor,pulse,network,function,gate,cell,design
model,data,cluster,algorithm,component,clustering,pca,vector,mixture,point,principal,set,parameter,gaussian,number,digit,analysis,matrix,space,learning
model,data,prediction,error,validation,set,training,method,cross,test,weight,regression,pruning,series,term,expert,predictor,variables,cost,performance
recurrent,network,sequence,grammar,neural,learning,string,input,transition,system,model,order,output,information,sequences,states,behavior,net,task,training
head,model,rat,vor,direction,velocity,eye,cell,unit,input,gain,place,local,vestibular,neural,network,hidden,movement,reflex,system
gaussian,kernel,distribution,noise,density,function,data,space,probability,input,model,matrix,variance,vector,method,component,svm,dimensional,densities,mean
expert,dominance,orientation,ocular,data,local,regression,function,map,linear,cart,model,algorithm,mixture,column,learning,spline,pattern,region,factor
signal,filter,linear,function,nonlinear,matrix,space,information,model,separation,basis,blind,processing,source,operator,approach,manifold,algorithm,mapping,gradient
