neuron,cell,model,input,activity,network,synaptic,pattern,response,firing,cortex,spike,visual,connection,stimulus,cortical,unit,neural,system,function
object,image,model,images,features,visual,representation,feature,recognition,view,set,information,data,network,level,face,input,part,task,human
circuit,channel,current,voltage,input,signal,output,model,function,frequency,threshold,system,analog,cell,neural,transistor,filter,silicon,information,rate
network,system,neural,input,character,delay,output,pattern,center,level,fig,oscillator,information,segment,field,recognition,pixel,image,processing,pathway
model,learning,control,system,motor,task,sound,arm,position,movement,trajectory,dynamic,network,hand,auditory,controller,forward,robot,reinforcement,learn
kernel,filter,signal,system,detection,data,model,order,image,neural,function,analysis,classification,network,method,wavelet,algorithm,feature,result,class
model,data,network,linear,set,input,prediction,training,nonlinear,function,transformation,method,expert,regression,algorithm,neural,distance,output,tangent,vector
training,set,error,classifier,data,network,classification,class,vector,test,pattern,algorithm,examples,problem,number,performance,learning,generalization,function,result
network,unit,learning,training,task,weight,input,function,neural,output,set,data,error,number,hidden,problem,learn,net,layer,algorithm
network,unit,weight,hidden,layer,input,neural,error,output,training,net,learning,number,problem,pattern,propagation,activation,result,set,noise
model,distribution,data,parameter,gaussian,probability,mean,likelihood,density,noise,method,set,function,information,bayesian,prior,network,mixture,algorithm,variables
network,neural,chip,input,system,output,weight,control,analog,neuron,bit,implementation,controller,current,digital,circuit,processor,application,hardware,data
learning,algorithm,action,function,optimal,policy,problem,step,method,reinforcement,error,result,states,reward,set,model,control,dynamic,weight,network
analog,noise,chip,vlsi,circuit,neural,field,gradient,signal,system,network,learning,neuron,pulse,output,mean,weight,function,descent,perturbation
data,algorithm,local,point,component,pca,system,space,learning,neighbor,nearest,block,user,matrix,dimensional,problem,ica,set,independent,vector
function,bound,algorithm,learning,theorem,tree,result,number,case,probability,set,dimension,proof,node,loss,threshold,graph,size,point,distribution
speech,network,word,recognition,system,model,training,hmm,neural,output,speaker,set,input,context,error,signal,data,acoustic,performance,hidden
motion,direction,system,map,field,visual,position,velocity,head,image,location,eye,flow,movement,moving,robot,light,environment,model,layer
function,algorithm,network,point,learning,problem,system,equation,vector,neural,solution,space,input,matrix,set,result,output,dynamic,parameter,linear
network,input,memory,unit,neural,representation,model,net,pattern,activation,set,learning,string,attractor,output,system,recurrent,hidden,word,weight
