freeman,merta,piechowski,accommodated,maddened,nash,jfk,entertainers,seesion,idriss,dai,roland,mohammad,mould,perpetuate,khalilzad,tardy,mason,deductions,bestsellers
bbq,mickum,maddened,kerfuffie,registering,wolfgang,generale,guilty,dai,usc,toiletries,arenafrom,entertainers,ballgame,asserted,seesion,counselor,accommodated,mcdonald,stimulus
maddened,secondamericas,misdirected,springboard,woo,kesya,nfatc,httpnyti,sustain,criminal,dithering,mostafa,nyad,properhe,restraint,hanrahan,repay,patiently,kaczyriska,searing
sustain,blown,maddened,socks,ensor,pronounce,ernment,assessmentreport,eizenstats,br,small,hastened,andidate,flaws,travelers,withdraws,dismal,sarbanes,coordonner,realise
maddened,eugene,poverty,joyce,sarbanes,communicating,overcoming,bbq,imply,dai,miller,recovering,appropriately,maccormack,performing,vaccines,triangulation,mason,mcdonald,shift
twitter,approves,maddened,constitute,bestsellers,irwinmtstate,gate,jackets,fifteen,ruggiero,sachar,kesya,coun,battlefield,juanes,accommodated,icontact,shift,erectile,zealot
shards,leads,flow,glacier,maddened,generale,dmillscdstate,elected,entertainers,clacrosse,bnbn,ref,lingered,details,schieffer,genscher,rachman,omanis,operandi,ahmadinejads
maddened,thoughtsideas,sits,secondamericas,marginalized,kesya,hanrahan,videoconference,monsefior,nyad,nfatc,woo,sustain,dithering,bnbn,westewelle,zach,mohammad,rainy,abby
maddened,eset,ballgame,misdirected,planner,springboard,study,narrowing,sustain,dilemma,properhe,jundullah,upstate,citgo,hilda,marginalized,incurred,blown,travelers,hmmm
maddened,marginalized,secondamericas,whats,hilda,prolonged,kesya,hanrahan,sustain,bosnian,net,burgette,thirteenth,ensor,medal,mostafa,criminal,galani,comthe,beloved
whats,prolonged,maddened,corpsteach,secondamericas,sustain,marginalized,kesya,misdirected,hanrahan,properhe,hilda,springboard,medal,appearing,uks,narrowing,mostafa,hack,section
maddened,oddsends,sarbanes,dicks,empathizes,gordan,entertainers,seesion,earthly,funny,mcdonald,hilda,generale,aeg,dai,wohlers,fein,jong,mason,ref
idiot,maddened,dickson,modernize,hideaways,seesion,annoyed,dai,estimate,bestsellers,husbands,generale,prob,dicks,mason,sarbanes,desafios,accommodated,earthly,springfield
scheduler,maddened,clergy,yanks,chapel,implied,postings,uppermost,kikwetes,emanates,realist,premiums,kyprianou,pertise,rasheed,wypych,generale,brightcove,msnbc,sanac
maddened,rounded,entertainers,translations,reconfigured,zealot,comauthordidiremez,peaks,mottaki,vendors,galani,mirv,netfreedom,mccall,drainage,andres,pharma,baloukli,fabled,shinsei
maddened,intel,contractors,accommodated,mspp,chapel,pill,refused,measures,mohammad,intifada,wolfgang,pharma,kenyan,met,wreyes,login,pepfar,financial,bombarding
generale,presidencies,maddened,determined,wolfgang,mohammad,mspp,brightcove,bnbn,hekmatyar,hardline,major,sanac,gentlemans,earthly,flour,ranges,toiletries,emilys,seesion
study,mohammad,sympathetic,maddened,nash,wolfgang,travelers,hilda,chrysler,panetta,tardy,thoraya,predominantly,dicks,spigot,seedbed,shervin,ricebaker,forcible,ducks
nash,rk,maddened,rascons,element,fascination,mohammad,traveling,assassins,poverty,panetta,gesture,husbands,chapel,pats,factory,schwerin,maine,sanac,regulators
maddened,hector,study,nar,hilda,eichensehr,routine,bureaucrats,satanic,misdirected,riskin,deepens,properhe,springboard,secondamericas,kesya,consult,dilemma,pd,sarbanes
