learning,action,function,algorithm,policy,reinforcement,problem,optimal,system,step,states,result,reward,control,task,method,decision,number,environment,goal
model,data,distribution,gaussian,parameter,probability,mean,likelihood,mixture,density,bayesian,prior,algorithm,method,posterior,variables,log,approximation,network,set
model,node,nodes,graph,tree,level,structure,set,symbol,string,transition,sequence,sequences,representation,grammar,network,language,context,states,markov
information,signal,data,cluster,component,correlation,entropy,clustering,noise,structure,method,independent,filter,mutual,distribution,eeg,algorithm,analysis,sources,statistic
image,object,images,visual,model,recognition,pixel,features,field,view,motion,feature,face,vision,representation,direction,layer,local,network,human
model,control,system,learning,dynamic,trajectory,network,controller,point,neural,movement,forward,motor,arm,inverse,field,memory,feedback,position,trajectories
algorithm,learning,function,problem,network,gradient,convergence,error,vector,neural,parameter,method,weight,equation,optimization,stochastic,descent,result,solution,point
function,data,set,algorithm,model,method,regression,kernel,problem,training,error,number,prediction,linear,vector,parameter,test,loss,result,classification
neuron,cell,model,input,synaptic,network,activity,firing,cortex,pattern,connection,response,cortical,synapses,excitatory,potential,spike,neural,inhibitory,function
eye,system,position,visual,target,network,model,module,movement,map,unit,head,field,robot,velocity,object,task,representation,motor,location
network,neural,weight,input,chip,system,output,character,neuron,layer,bit,data,implementation,processor,analog,pattern,block,set,performance,application
learning,error,training,set,generalization,examples,number,function,distribution,probability,result,bound,class,size,algorithm,point,pattern,sample,data,weight
vector,matrix,algorithm,data,function,linear,component,point,space,distance,learning,set,transformation,dimensional,pca,model,basis,method,tangent,principal
network,unit,input,learning,training,weight,output,hidden,neural,error,set,layer,task,net,problem,pattern,trained,performance,function,number
map,model,feature,pattern,network,data,input,space,vector,dominance,ocular,kohonen,layer,organizing,disparity,development,representation,field,orientation,region
network,training,speech,recognition,system,word,classifier,neural,set,performance,data,output,input,error,classification,test,model,speaker,hmm,number
circuit,signal,analog,noise,output,channel,current,filter,voltage,chip,system,input,frequency,vlsi,motion,transistor,neural,power,silicon,model
network,function,neural,input,weight,unit,threshold,result,output,net,layer,number,system,order,case,hidden,linear,equation,neuron,bound
expert,system,attractor,learning,network,pattern,information,class,document,set,problem,retrieval,result,algorithm,data,context,word,input,analysis,vector
model,cell,direction,stimulus,spike,auditory,sound,system,signal,response,information,motion,rate,neural,unit,head,stimuli,neuron,rat,representation
