model,projection,data,motor,entropy,pursuit,system,fault,network,diagnosis,normal,function,intrator,observer,density,detection,kernel,result,pattern,human
data,model,training,set,recognition,word,speech,gaussian,network,system,classifier,input,algorithm,method,parameter,neural,problem,error,hmm,number
learning,action,algorithm,function,policy,reinforcement,problem,optimal,control,system,step,reward,states,result,method,model,task,decision,number,network
network,unit,learning,input,neural,training,set,model,output,weight,error,data,function,algorithm,hidden,problem,layer,number,pattern,result
string,word,model,language,symbol,recurrent,network,grammar,input,states,representation,sequences,finite,sequence,set,length,function,unit,context,languages
function,algorithm,network,set,bound,number,result,vector,class,weight,theorem,learning,threshold,linear,error,neural,input,classifier,dimension,proof
model,object,learning,image,system,images,control,point,network,recognition,function,task,set,information,position,representation,visual,space,local,method
function,learning,network,weight,error,equation,neural,noise,point,solution,system,parameter,input,result,set,algorithm,gradient,distribution,method,case
digit,tangent,set,network,character,training,risk,rate,pattern,patient,net,test,error,recognition,handwritten,image,output,distance,simard,data
michael,david,john,bandit,index,dot,hrr,product,similarity,richard,city,peter,cancer,rapture,author,process,action,eric,thomas,andrew
eye,system,control,motion,head,robot,routing,motor,path,learning,velocity,vor,movement,position,load,behavior,direction,controller,goal,cell
spiral,oscillator,network,pruning,problem,concept,music,obd,melody,musical,notes,brain,component,net,algorithm,activation,learning,concert,global,contribution
auditory,channel,sound,signal,frequency,model,template,system,filter,speech,cochlear,input,output,network,acoustic,cochlea,onset,correlation,song,circuit
circuit,floating,model,current,repetition,zorn,priming,motion,lived,response,fly,detection,filter,photoreceptor,blindness,learning,gate,pus,dynamic,program
network,system,neural,chip,image,input,output,motion,circuit,analog,current,direction,filter,vlsi,processing,implementation,images,pixel,detection,block
map,weight,dominance,ocular,model,eye,bit,circuit,development,pattern,function,chip,object,transistor,axon,face,orientation,feature,network,preference
neuron,cell,model,input,synaptic,activity,network,visual,response,spike,pattern,firing,system,stimulus,cortex,connection,neural,field,signal,frequency
model,algorithm,data,distribution,parameter,mean,graph,variables,network,point,vector,function,posterior,field,structure,problem,matrix,likelihood,probability,method
cholinergic,hasselmo,network,sleep,carbachol,acetylcholine,suppression,model,region,voronoi,memory,ca3,input,hobson,representation,transmission,modulation,images,bower,associative
signal,component,ica,independent,data,separation,source,sources,blind,filter,analysis,eeg,orientation,algorithm,matrix,information,noise,linear,subject,processing
