motion,direction,cell,response,velocity,light,flow,field,stimulus,eeg,moving,spatial,frequency,signal,rotation,intensity,retina,optical,filter,head
learning,action,function,reinforcement,policy,algorithm,optimal,problem,step,states,reward,control,system,environment,result,method,goal,robot,agent,task
circuit,network,chip,system,neural,input,analog,neuron,output,current,signal,vlsi,voltage,weight,delay,implementation,function,sound,noise,frequency
model,image,data,images,point,pca,linear,component,learning,local,algorithm,set,gaussian,parameter,principal,space,analysis,pixel,distribution,dimensional
network,function,node,neural,tree,threshold,nodes,input,net,number,weight,output,set,system,result,neuron,element,computation,trees,size
function,algorithm,learning,set,vector,bound,examples,error,result,number,class,linear,theorem,training,problem,case,approximation,point,loss,space
network,learning,equation,function,field,point,weight,error,parameter,order,dynamic,result,case,neural,distribution,system,large,solution,mean,energy
error,network,data,training,set,model,prediction,neural,weight,test,method,input,performance,regression,validation,function,result,generalization,parameter,cross
signal,eye,system,movement,motor,component,target,position,visual,image,information,ica,sensor,map,source,separation,independent,sources,road,location
algorithm,problem,network,learning,function,method,local,neural,optimization,point,solution,gradient,graph,set,result,convergence,error,descent,weight,number
network,unit,input,learning,output,weight,hidden,layer,training,neural,pattern,net,set,error,representation,activation,task,architecture,recurrent,trained
recognition,character,word,set,network,image,system,feature,features,face,images,digit,neural,representation,training,pattern,pixel,test,performance,number
model,object,visual,field,orientation,map,cortex,input,receptive,spatial,cell,pattern,view,neuron,unit,feature,activity,cortical,stimulus,layer
model,control,system,dynamic,network,trajectory,neural,point,learning,forward,nonlinear,arm,error,equation,inverse,algorithm,controller,output,problem,space
neuron,cell,model,input,synaptic,firing,network,activity,spike,pattern,neural,synapses,potential,excitatory,function,response,inhibitory,connection,membrane,system
information,spike,set,data,pattern,number,rate,neural,system,routing,signal,train,genetic,population,result,probability,cell,document,code,rules
learning,memory,network,system,neural,task,performance,model,algorithm,data,control,training,problem,function,number,result,block,processor,search,set
data,algorithm,vector,cluster,distance,model,clustering,space,set,structure,point,map,classification,number,class,dimensional,feature,method,sequence,parameter
speech,training,network,system,recognition,classifier,word,neural,hmm,performance,set,classification,speaker,data,error,output,model,mlp,input,context
model,distribution,data,gaussian,function,parameter,density,likelihood,algorithm,probability,method,bayesian,prior,mean,mixture,noise,matrix,posterior,variables,log
