student,school,black,group,community,american,history,zzz_new_york,percent,million,zzz_mexico,building,religious,white,public,resident,country,director,program,zzz_american
court,case,law,lawyer,official,attorney,trial,federal,legal,judge,investigation,death,cases,decision,prosecutor,right,police,charges,government,lawsuit
campaign,zzz_al_gore,zzz_george_bush,election,president,zzz_bush,political,republican,vote,voter,presidential,democratic,zzz_republican,zzz_clinton,zzz_white_house,ballot,candidate,governor,democrat,candidates
palestinian,zzz_israel,zzz_israeli,attack,police,israeli,zzz_yasser_arafat,official,peace,gun,fire,israelis,violence,leader,killed,officer,zzz_west_bank,zzz_palestinian,building,security
water,light,building,wall,house,art,room,look,feet,painting,space,small,plant,century,floor,bird,called,design,found,place
show,film,movie,play,character,music,actor,director,series,song,television,movies,look,book,writer,set,audience,love,real,producer
percent,company,million,market,stock,companies,business,billion,money,firm,economy,analyst,fund,financial,investor,investment,zzz_enron,deal,quarter,sales
plant,flight,oil,power,water,energy,million,industry,gas,air,passenger,fuel,airport,percent,cost,airline,zzz_california,problem,official,land
attack,official,terrorist,military,zzz_afghanistan,zzz_u_s,zzz_taliban,war,bin,laden,security,zzz_united_states,zzz_american,weapon,zzz_pentagon,forces,terrorism,zzz_pakistan,troop,soldier
family,home,friend,children,school,father,mother,son,told,wife,parent,kid,daughter,job,boy,child,thought,feel,asked,wanted
book,women,drug,care,author,patient,health,doctor,hospital,woman,medical,prescription,sales,find,female,published,children,list,memoir,lives
team,game,season,player,run,hit,play,games,point,inning,right,ball,left,win,shot,home,baseball,yankees,guy,zzz_laker
team,game,season,player,play,coach,games,point,yard,football,goal,win,played,quarterback,won,playing,zzz_nfl,right,guy,final
com,cup,food,minutes,add,daily,tablespoon,oil,palm,beach,statesman,pepper,teaspoon,question,sugar,water,chicken,fat,wine,restaurant
car,tour,hotel,look,room,www,driver,com,night,trip,road,seat,front,miles,hour,fashion,town,drive,high,restaurant
zzz_bush,bill,zzz_congress,program,plan,government,administration,federal,official,money,law,group,tax,member,president,proposal,system,zzz_white_house,school,need
race,zzz_olympic,won,racing,con,medal,track,win,sport,fight,driver,car,una,gold,races,games,zzz_nascar,event,champion,winner
government,zzz_united_states,country,zzz_china,leader,zzz_u_s,political,countries,zzz_american,foreign,war,zzz_russia,power,nation,international,president,european,official,right,minister
patient,drug,disease,cell,doctor,research,study,test,percent,human,scientist,cancer,medical,health,problem,found,anthrax,researcher,risk,treatment
web,computer,company,com,site,zzz_internet,information,online,companies,mail,system,technology,internet,customer,www,business,product,zzz_microsoft,sites,software
