corp,contract,report,message,property,var,affiliates,affiliate,party,allowed,prohibited,material,sole,offer,strictly,receive,basis,copies,create,acceptance
energy,market,industry,gas,oil,natural_gas,power,trading,company,report,project,paper,prices,conference,product,production,business,demand,pulp,companies
gift,price,holiday,view,pictures,free,world,click,program,center,music,list,special,visit,space,video,friend,building,top,newsletter
attached,agreement,comment,review,direct,letter,document,draft,contract,message,employees,received,issues,access,plan,copy,regarding,process,michelle,provide
group,team,deal,risk,meeting,business,trading,operation,ena,houston,process,report,position,global,sally,office,london,support,review,issues
company,power,project,india,government,business,corp,electricity,indian,dpc,dabhol,companies,billion,foreign,gas,world,board,mseb,energy,official
company,stock,market,financial,investor,earning,billion,shares,dynegy,analyst,trading,investment,business,credit,corp,quarter,percent,companies,deal,cent
customer,market,cost,iso,price,rate,california,power,contract,gas,generation,transmission,pge,load,rates,utilities,capacity,utility,ferc,term
friend,date,received,thing,american,think,god,fri,tell,home,mon,world,believe,thought,help,put,family,give,wed,hour
company,firm,technology,fund,partner,services,management,ventures,product,capital,investment,round,network,software,investor,business,marketing,companies,internet,venturewire
think,going,hope,thing,ill,look,weekend,student,friday,sure,night,guy,talk,help,thought,monday,interested,haas,team,dinner
meeting,final,attached,conference,schedule,date,file,hour,monday,number,office,friday,thursday,tomorrow,jeff,attend,agenda,hourahead,jeff_dasovich,discuss
gas,lynn,permit,point,wine,pipeline,report,scheduled,nng,shipper,contract,storage,station,epa,month,help,northern,daily,number,transwestern
click,order,free,online,link,account,access,web,user,address,product,receive,offer,site,list,customer,internet,market,message,service
california,ferc,market,energy,federal,commission,order,committee,price_cap,hearing,refund,bush,washington,word,problem,senate,power,commissioner,action,policy
power,energy,electricity,california,davis,utility,billion,states,bill,utilities,plan,edison,governor,plant,cost,prices,company,percent,customer,pge
bill,page,court,law,committee,commission,service,tax,request,act,member,rules,federal,access,local,labor,services,fcc,district,senate
game,database,fantasy,updated,against,yard,play,start,season,defense,team,point,injury,error,sunday,free,player,agent,games,hes
texas,team,longhorn,game,play,season,brown,top,player,football,true_orange,big,yard,oklahoma,william,recruiting,coach,commitment,austin,run
travel,hotel,offer,roundtrip,special,ticket,fares,save,city,visit,miles,deal,reservation,free,sale,vacation,book,flight,bonus,rates
