maddened,secondamericas,misdirected,springboard,woo,nfatc,kesya,sustain,httpnyti,criminal,properhe,dithering,nyad,restraint,hanrahan,mostafa,repay,patiently,kaczyriska,httpen
shards,flow,leads,glacier,maddened,generale,dmillscdstate,clacrosse,bnbn,ref,entertainers,lingered,schieffer,elected,details,rachman,omanis,movingremodeling,mohammad,exams
maddened,greenpeace,misdirected,zealot,brightcove,reconfigured,gentlemans,narrowing,study,pharma,marginalized,vendors,utm,baracks,comauthordidiremez,fabled,mottaki,travelers,mccall,blown
maddened,ballgame,oddsends,empathizes,mason,wolfgang,mcdonald,poverty,dicks,seized,shift,study,hilda,generale,compassionate,communicating,earthly,entertainers,intifada,sarbanes
maddened,irwinmtstate,battlefield,juanes,kenyan,pif,dea,papillary,stayed,presidencies,eset,thu,perfect,innova,continent,fifteen,mustafa,bombshell,planner,determined
bbq,maddened,counselor,asserted,wolfgang,generale,contractors,colleague,mohammad,pharma,overseas,discourages,mar,hormozegan,whats,dai,toiletries,tripplaar,davisson,cso
study,nash,mohammad,maddened,hilda,sympathetic,dicks,panetta,sarbanes,dilemma,eichensehr,wolfgang,travelers,tardy,fevers,seedbed,faults,accommodated,intel,chrysler
clergy,maddened,realist,scheduler,premiums,pertise,wypych,nostalgia,chapel,implied,bnbn,dunlavey,yanks,postings,kikwetes,unaccustomed,americans,predicted,generale,espersen
sustain,blown,maddened,socks,ensor,pronounce,ernment,eizenstats,br,assessmentreport,travelers,andidate,flaws,dismal,withdraws,bnbn,shirky,coordonner,pledgesdonations,sarbanes
maddened,sarbanes,greeted,shervin,modernize,dai,msnbc,misdirected,guilty,implied,baloukli,lnp,springboard,riskin,dealings,dreaming,villains,politburo,potato,maps
maddened,nash,chapel,husbands,mspp,mohammad,accommodated,rascons,wolfgang,cced,intifada,element,fevers,measures,gordan,pats,assassins,pepfar,regulators,travelers
maddened,generale,seesion,dai,sarbanes,earthly,wolfgang,mickum,entertainers,gordan,oddsends,mcdonald,funny,toiletries,aeg,mason,jong,annoyed,ref,modernize
rk,traveling,maddened,fascination,rascons,sanac,element,insist,neglecting,assassins,poverty,factory,gesture,assads,admit,nash,maine,blown,chapel,small
maddened,thoughtsideas,sits,secondamericas,marginalized,kesya,videoconference,monsefior,nfatc,woo,nyad,dithering,hanrahan,westewelle,rainy,sustain,bnbn,mickum,galani,burgette
maddened,kerfuffie,entertainers,registering,guilty,bestsellers,dickson,mohammad,nash,gordan,accommodated,dreaming,dealings,tardy,dai,seesion,usc,olivet,generale,raw
maddened,unni,eugene,tamayo,bbq,mohammad,quips,jeopardized,nightearly,confiscate,usaidofda,aeg,authorizes,sustain,joyce,net,coun,colleague,pepfar,abbreviation
freeman,merta,piechowski,jfk,maddened,mould,perpetuate,idriss,flour,abby,roland,imperatives,entertainers,moves,accommodated,deductions,bircher,unsurpassed,bnbn,seesion
idiot,maddened,hideaways,mohammad,loved,hilda,login,sleepless,upstate,dbb,comthe,techpresident,mason,roll,seesion,holders,study,mustafa,presidencies,viral
maddened,kyprianou,emanates,opine,rasheed,yanks,chapel,desafios,scheduler,prob,clergy,uppermost,sanac,generale,pharma,capability,implied,kikwetes,husbands,predates
whats,maddened,prolonged,secondamericas,sustain,corpsteach,marginalized,kesya,hanrahan,mostafa,hilda,misdirected,properhe,criminal,springboard,medal,thirteenth,appearing,section,uks
