freeman,merta,piechowski,maddened,jfk,bestsellers,dickson,mould,idriss,perpetuate,entertainers,seesion,dai,abby,khalilzad,accommodated,roland,bnbn,imperatives,moves
criminal,mostafa,idiot,maddened,hideaways,marginalized,presaged,wagon,kesya,searing,dea,papillary,properhe,innova,secondamericas,medal,dismissive,thu,perfect,stayed
study,nash,mohammad,maddened,hilda,dicks,panetta,sarbanes,seedbed,dilemma,tardy,sympathetic,fevers,glasses,faults,travelers,chrysler,dealings,dreaming,withdraws
jazz,vast,chollet,coordonner,maddened,eugene,bnbn,coun,au,yohannes,assessmentreport,salman,leads,appropriately,hilda,wolfgang,retrieved,secondamericas,dammen,sustain
traveling,maddened,sanac,element,rascons,mohammad,nash,chapel,rk,assassins,pats,husbands,factory,mspp,regulators,earners,hekmatyar,maine,comsunday,sabina
maddened,thoughtsideas,sits,secondamericas,videoconference,monsefior,kesya,nfatc,woo,marginalized,nyad,dithering,hanrahan,twitter,westewelle,constitute,rainy,approves,sustain,mohammad
maddened,oddsends,seesion,empathizes,dicks,sarbanes,dai,mason,generale,annoyed,modernize,gordan,earthly,funny,entertainers,wolfgang,mcdonald,aeg,arenafrom,ref
sustain,maddened,blown,socks,ensor,pronounce,ernment,assessmentreport,eizenstats,br,hastened,travelers,andidate,flaws,small,kesya,coordonner,dismal,withdraws,hilda
maddened,kerfuffie,mickum,registering,entertainers,sympathetic,wolfgang,presidencies,guilty,genscher,generale,usc,factoid,accommodated,determined,raw,details,switches,seed,shards
maddened,accommodated,mspp,chapel,nash,intifada,intel,wreyes,met,financial,mohammad,contractors,wolfgang,brightcove,travelers,login,mustafa,mason,sam,measures
maddened,generale,entertainers,hardline,dai,rounded,seesion,flour,engineered,nonhumans,peaks,prefers,wolfgang,god,fanatic,content,emillscdstate,cced,earthly,mailo
maddened,hilda,whats,ensor,secondamericas,prolonged,marginalized,kesya,mohammad,drainage,sustain,dismal,hanrahan,irwinmtstate,neglecting,quips,mcdonald,lechem,philosophy,properhe
maddened,misdirected,ballgame,springboard,properhe,eset,riskin,kesya,secondamericas,study,sustain,planner,dilemma,scotty,marginalized,mcdonald,hilda,citgo,consult,travelers
maddened,whats,prolonged,sustain,hector,secondamericas,nar,corpsteach,routine,kesya,marginalized,satanic,impression,tablet,hanrahan,societys,expertisemost,uks,hack,yew
scheduler,clergy,maddened,yanks,msnbc,implied,uppermost,chapel,postings,kikwetes,realist,emanates,premiums,dishes,kyprianou,brightcove,pertise,wypych,rasheed,opine
leads,flow,shards,glacier,dmillscdstate,generale,maddened,clacrosse,bnbn,ref,lingered,entertainers,details,schieffer,rachman,elected,omanis,movingremodeling,mohammad,exams
whats,prolonged,maddened,corpsteach,marginalized,sustain,hanrahan,secondamericas,mostafa,kesya,criminal,medal,unni,properhe,appearing,normalization,pharma,postelection,uks,prosperous
maddened,secondamericas,misdirected,springboard,woo,nfatc,kesya,httpnyti,sustain,dithering,properhe,nyad,restraint,hanrahan,repay,criminal,patiently,mostafa,kaczyriska,disarray
poverty,fascination,gesture,maddened,rk,tripplaar,gordan,pd,sympathetic,schwerin,crass,administrator,assange,admit,confirmatio,joyce,brightcove,panetta,shift,sana
bbq,maddened,asserted,counselor,wolfgang,colleague,mcdonald,cso,mar,whats,emilys,generale,gentlemans,overseas,brightcove,hormozegan,disgrace,discourages,kenyan,johnny
