network,learning,model,system,control,dynamic,neural,controller,field,trajectory,input,neuron,equation,motor,result,forward,function,arm,rate,feedback
function,model,data,kernel,gaussian,set,method,space,noise,distribution,vector,parameter,algorithm,problem,point,error,solution,mean,term,training
network,training,set,classifier,neural,system,data,input,classification,performance,recognition,error,test,class,output,number,rbf,feature,method,result
speech,model,sequence,hmm,sequences,network,acoustic,transition,markov,recognition,data,prediction,training,set,system,parameter,output,language,structure,hidden
model,visual,cell,eye,field,orientation,input,spatial,receptive,unit,cortex,pattern,motion,map,response,neuron,direction,location,cortical,velocity
network,unit,weight,input,training,learning,output,hidden,error,set,function,pattern,net,neural,problem,generalization,layer,number,result,algorithm
object,image,images,model,features,network,recognition,view,feature,set,face,representation,part,neural,human,problem,information,point,task,visual
function,algorithm,set,learning,problem,point,data,number,distribution,result,threshold,class,cluster,bound,examples,clustering,local,probability,model,size
model,data,algorithm,distribution,parameter,network,likelihood,set,bayesian,probability,gaussian,mixture,variables,method,mean,posterior,learning,prior,density,component
input,spike,model,response,stimulus,information,network,rate,noise,neuron,cell,firing,output,signal,function,temporal,single,result,pattern,frequency
word,character,recognition,letter,level,system,segmentation,network,syllable,model,human,function,error,non,context,neural,phoneme,segment,representation,layer
memory,vector,map,learning,system,network,block,input,data,space,representation,number,neural,mapping,set,unit,function,weight,structure,algorithm
tangent,model,data,network,neural,patient,distance,fault,prediction,set,detection,risk,training,bootstrap,subscriber,simard,learning,david,test,step
learning,algorithm,action,function,policy,problem,reinforcement,optimal,model,states,step,task,system,result,control,reward,number,method,set,robot
direction,motion,field,point,image,system,model,movement,region,function,network,surface,head,visual,motor,local,fig,map,position,equation
neuron,cell,input,synaptic,network,connection,model,activity,pattern,excitatory,cortical,cortex,synapses,neural,inhibitory,firing,layer,function,simulation,potential
network,neural,input,output,system,layer,image,pixel,recognition,algorithm,processing,problem,analog,signal,weight,data,application,bit,performance,chip
signal,channel,information,filter,sound,component,frequency,system,neural,noise,separation,model,independent,auditory,ica,eeg,network,analysis,source,sources
function,learning,network,algorithm,error,neural,linear,gradient,input,parameter,weight,vector,point,matrix,result,model,case,set,system,equation
circuit,system,chip,neuron,input,analog,current,network,output,voltage,cell,neural,vlsi,synapse,model,weight,pulse,transistor,function,implementation
