image,images,network,information,recognition,filter,pixel,model,system,data,analysis,pca,feature,representation,features,neural,signal,component,input,object
function,network,error,algorithm,set,training,data,neural,vector,method,problem,parameter,weight,input,linear,matrix,learning,term,result,mean
model,set,data,classifier,learning,network,algorithm,node,training,tree,classification,distance,nodes,neural,recognition,class,problem,level,performance,point
training,network,input,neural,output,model,features,subject,system,performance,feature,pattern,set,rate,experiment,layer,speech,recognition,error,cue
model,cell,neuron,signal,frequency,auditory,network,system,neural,rate,learning,firing,head,temporal,effect,sound,function,potential,activity,result
circuit,chip,object,analog,output,current,image,system,vlsi,input,feature,neural,pixel,voltage,transistor,view,features,weight,energy,network
speech,system,recognition,hmm,context,word,network,speaker,acoustic,model,language,neural,sequence,grammar,phoneme,mlp,phonetic,training,routing,sound
neuron,input,synaptic,spike,model,pattern,firing,stimulus,cell,synapses,information,network,activity,unit,membrane,neural,current,channel,learning,potential
learning,algorithm,function,memory,problem,action,reinforcement,model,data,set,result,optimal,system,trial,robot,goal,method,point,agent,signal
algorithm,model,action,data,learning,optimal,pruning,weight,set,space,information,function,committee,mdp,task,document,training,problem,feature,query
model,data,distribution,gaussian,parameter,probability,likelihood,bayesian,density,mixture,prior,posterior,variables,method,component,kernel,sample,estimate,mean,number
network,neural,neuron,input,system,output,weight,character,signal,analog,chip,layer,net,performance,function,bit,implementation,number,vector,pattern
phase,network,system,dynamic,attractor,model,channel,input,noise,pattern,cell,oscillator,neuron,point,oscillation,frequency,connection,result,parameter,response
network,task,neural,system,robot,rules,input,motion,sensor,net,flow,real,unit,knowledge,set,problem,representation,learning,expert,data
control,learning,model,network,system,neural,dynamic,controller,motor,forward,trajectory,error,feedback,recurrent,arm,output,input,inverse,nonlinear,point
set,training,algorithm,error,learning,network,examples,word,test,number,generalization,result,function,method,target,data,classifier,problem,neural,performance
unit,network,input,hidden,output,training,weight,layer,learning,pattern,error,representation,set,net,trained,prediction,propagation,system,task,activation
function,bound,theorem,network,threshold,number,result,proof,neural,dimension,set,polynomial,case,weight,probability,learning,size,graph,linear,point
cell,model,visual,field,motion,direction,map,input,eye,neuron,spatial,unit,cortex,receptive,position,orientation,system,network,function,response
learning,network,function,algorithm,states,problem,unit,policy,stochastic,step,weight,result,action,transition,dynamic,method,hidden,gradient,system,reward
